[2015-07-07T16:14:49] DEBUG PID-13172 TID-70198881388460 Rails: 
[2015-07-07T16:14:49] INFO  PID-13172 TID-70198881388460 Rails: Started GET "/" for ::1 at 2015-07-07 16:14:49 +0100
[2015-07-07T16:14:50] INFO  PID-13172 TID-70198881388460 ActionController::Base: Processing by HomeController#show as HTML
[2015-07-07T16:14:50] INFO  PID-13172 TID-70198881388460 ActionController::Base: Redirected to http://localhost:3000/stream
[2015-07-07T16:14:50] INFO  PID-13172 TID-70198881388460 ActionController::Base: Completed 302 Found in 266ms (ActiveRecord: 90.1ms)
[2015-07-07T16:14:50] DEBUG PID-13172 TID-70198881388460 Rails: 
[2015-07-07T16:14:50] DEBUG PID-13172 TID-70198881388460 Rails: 
[2015-07-07T16:14:50] INFO  PID-13172 TID-70198881388460 Rails: Started GET "/stream" for ::1 at 2015-07-07 16:14:50 +0100
[2015-07-07T16:14:50] INFO  PID-13172 TID-70198881388460 ActionController::Base: Processing by StreamsController#multi as HTML
  Rendered aspects/_aspect_listings.haml (1.4ms)
  Rendered tags/_followed_tags_listings.haml (1.3ms)
  Rendered publisher/_aspect_dropdown.html.haml (5.0ms)
  Rendered shared/_public_explain.haml (7.8ms)
  Rendered publisher/_publisher.html.haml (177.7ms)
  Rendered aspects/_no_posts_message.haml (1.1ms)
  Rendered aspects/_no_contacts_message.haml (2.9ms)
  Rendered aspects/_aspect_stream.haml (255.3ms)
  Rendered shared/_modal.haml (2.0ms)
  Rendered shared/_invitations.haml (39.2ms)
  Rendered shared/_links.haml (4.1ms)
  Rendered shared/_right_sections.html.haml (60.5ms)
  Rendered streams/main_stream.html.haml within layouts/with_header (343.1ms)
  Rendered layouts/_header.html.haml (2.3ms)
  Rendered layouts/_open_graph.haml (4.7ms)
  Rendered layouts/application.html.haml (1784.6ms)
[2015-07-07T16:14:52] INFO  PID-13172 TID-70198881388460 ActionController::Base: Completed 200 OK in 2166ms (Views: 1980.6ms | ActiveRecord: 176.4ms)
[2015-07-07T16:15:03] DEBUG PID-13172 TID-70198881375740 Rails: 
[2015-07-07T16:15:03] DEBUG PID-13172 TID-70198881375740 Rails: 
[2015-07-07T16:15:03] INFO  PID-13172 TID-70198881375740 Rails: Started GET "/stream?_=1436282093462" for ::1 at 2015-07-07 16:15:03 +0100
[2015-07-07T16:15:03] INFO  PID-13172 TID-70198881375740 ActionController::Base: Processing by StreamsController#multi as JSON
[2015-07-07T16:15:03] INFO  PID-13172 TID-70198881375740 ActionController::Base:   Parameters: {"_"=>"1436282093462"}
[2015-07-07T16:15:03] DEBUG PID-13172 TID-70198881375740 EvilQuery::MultiStream: [EVIL-QUERY] make_relation!
[2015-07-07T16:15:03] DEBUG PID-13172 TID-70198881375740 EvilQuery::MultiStream: [EVIL-QUERY] aspect_post_ids!
[2015-07-07T16:15:03] DEBUG PID-13172 TID-70198881375740 User: [EVIL-QUERY] user.construct_public_followings_sql
[2015-07-07T16:15:03] DEBUG PID-13172 TID-70198881375740 EvilQuery::MultiStream: [EVIL-QUERY] followed_tags_posts!
[2015-07-07T16:15:03] DEBUG PID-13172 TID-70198881375740 EvilQuery::MultiStream: [EVIL-QUERY] mentioned_posts
[2015-07-07T16:15:03] INFO  PID-13172 TID-70198881375740 ActionController::Base: Completed 200 OK in 579ms (Views: 59.3ms | ActiveRecord: 286.8ms)
[2015-07-07T16:15:06] DEBUG PID-13172 TID-70198899204540 Rails: 
[2015-07-07T16:15:06] DEBUG PID-13172 TID-70198899204540 Rails: 
[2015-07-07T16:15:06] INFO  PID-13172 TID-70198899204540 Rails: Started GET "/" for ::1 at 2015-07-07 16:15:06 +0100
[2015-07-07T16:15:06] INFO  PID-13172 TID-70198899204540 ActionController::Base: Processing by HomeController#show as HTML
  Rendered home/default.haml within layouts/application (10.2ms)
  Rendered layouts/_open_graph.haml (1.6ms)
[2015-07-07T16:15:06] INFO  PID-13172 TID-70198899204540 ActionController::Base: Completed 200 OK in 283ms (Views: 274.0ms | ActiveRecord: 0.0ms)
[2015-07-07T16:15:06] DEBUG PID-13172 TID-70198842502620 Rails: 
[2015-07-07T16:15:06] DEBUG PID-13172 TID-70198842502620 Rails: 
[2015-07-07T16:15:06] INFO  PID-13172 TID-70198842502620 Rails: Started GET "/" for ::1 at 2015-07-07 16:15:06 +0100
[2015-07-07T16:15:06] INFO  PID-13172 TID-70198842502620 ActionController::Base: Processing by HomeController#show as HTML
  Rendered home/default.haml within layouts/application (2.2ms)
  Rendered layouts/_open_graph.haml (2.1ms)
[2015-07-07T16:15:06] INFO  PID-13172 TID-70198842502620 ActionController::Base: Completed 200 OK in 124ms (Views: 120.7ms | ActiveRecord: 0.0ms)
[2015-07-07T16:15:47] DEBUG PID-13172 TID-70198874721860 Rails: 
[2015-07-07T16:15:47] DEBUG PID-13172 TID-70198874721860 Rails: 
[2015-07-07T16:15:47] INFO  PID-13172 TID-70198874721860 Rails: Started GET "/" for ::1 at 2015-07-07 16:15:47 +0100
[2015-07-07T16:15:47] INFO  PID-13172 TID-70198874721860 ActionController::Base: Processing by HomeController#show as HTML
[2015-07-07T16:15:47] INFO  PID-13172 TID-70198874721860 ActionController::Base: Redirected to http://localhost:3000/stream
[2015-07-07T16:15:47] INFO  PID-13172 TID-70198874721860 ActionController::Base: Completed 302 Found in 4ms (ActiveRecord: 0.3ms)
[2015-07-07T16:15:47] DEBUG PID-13172 TID-70198874721860 Rails: 
[2015-07-07T16:15:47] DEBUG PID-13172 TID-70198874721860 Rails: 
[2015-07-07T16:15:47] INFO  PID-13172 TID-70198874721860 Rails: Started GET "/stream" for ::1 at 2015-07-07 16:15:47 +0100
[2015-07-07T16:15:47] INFO  PID-13172 TID-70198874721860 ActionController::Base: Processing by StreamsController#multi as HTML
  Rendered aspects/_aspect_listings.haml (0.3ms)
  Rendered tags/_followed_tags_listings.haml (0.3ms)
  Rendered publisher/_aspect_dropdown.html.haml (0.9ms)
  Rendered shared/_public_explain.haml (1.6ms)
  Rendered publisher/_publisher.html.haml (9.7ms)
  Rendered aspects/_no_posts_message.haml (0.2ms)
  Rendered aspects/_no_contacts_message.haml (0.7ms)
  Rendered aspects/_aspect_stream.haml (19.0ms)
  Rendered shared/_modal.haml (0.3ms)
  Rendered shared/_invitations.haml (3.4ms)
  Rendered shared/_links.haml (1.5ms)
  Rendered shared/_right_sections.html.haml (12.2ms)
  Rendered streams/main_stream.html.haml within layouts/with_header (42.2ms)
  Rendered layouts/_header.html.haml (0.1ms)
  Rendered layouts/_open_graph.haml (2.3ms)
  Rendered layouts/application.html.haml (201.2ms)
[2015-07-07T16:15:47] INFO  PID-13172 TID-70198874721860 ActionController::Base: Completed 200 OK in 257ms (Views: 250.5ms | ActiveRecord: 3.0ms)
[2015-07-07T16:15:54] DEBUG PID-13172 TID-70198879786640 Rails: 
[2015-07-07T16:15:54] DEBUG PID-13172 TID-70198879786640 Rails: 
[2015-07-07T16:15:54] INFO  PID-13172 TID-70198879786640 Rails: Started GET "/stream?_=1436282148174" for ::1 at 2015-07-07 16:15:54 +0100
[2015-07-07T16:15:54] INFO  PID-13172 TID-70198879786640 ActionController::Base: Processing by StreamsController#multi as JSON
[2015-07-07T16:15:54] INFO  PID-13172 TID-70198879786640 ActionController::Base:   Parameters: {"_"=>"1436282148174"}
[2015-07-07T16:15:54] DEBUG PID-13172 TID-70198879786640 EvilQuery::MultiStream: [EVIL-QUERY] make_relation!
[2015-07-07T16:15:54] DEBUG PID-13172 TID-70198879786640 EvilQuery::MultiStream: [EVIL-QUERY] aspect_post_ids!
[2015-07-07T16:15:54] DEBUG PID-13172 TID-70198879786640 User: [EVIL-QUERY] user.construct_public_followings_sql
[2015-07-07T16:15:54] DEBUG PID-13172 TID-70198879786640 EvilQuery::MultiStream: [EVIL-QUERY] followed_tags_posts!
[2015-07-07T16:15:54] DEBUG PID-13172 TID-70198879786640 EvilQuery::MultiStream: [EVIL-QUERY] mentioned_posts
[2015-07-07T16:15:54] INFO  PID-13172 TID-70198879786640 ActionController::Base: Completed 200 OK in 56ms (Views: 22.1ms | ActiveRecord: 13.4ms)
[2015-07-07T16:16:06] DEBUG PID-13172 TID-70198879770560 Rails: 
[2015-07-07T16:16:06] DEBUG PID-13172 TID-70198879770560 Rails: 
[2015-07-07T16:16:06] INFO  PID-13172 TID-70198879770560 Rails: Started GET "/contacts?_=1436282148175" for ::1 at 2015-07-07 16:16:06 +0100
[2015-07-07T16:16:06] INFO  PID-13172 TID-70198879770560 ActionController::Base: Processing by ContactsController#index as JSON
[2015-07-07T16:16:06] INFO  PID-13172 TID-70198879770560 ActionController::Base:   Parameters: {"_"=>"1436282148175"}
[2015-07-07T16:16:06] INFO  PID-13172 TID-70198879770560 ActionController::Base: Completed 200 OK in 9ms (Views: 1.8ms | ActiveRecord: 1.1ms)
[2015-07-07T16:18:56] DEBUG PID-13172 TID-70198919347540 Rails: 
[2015-07-07T16:18:56] DEBUG PID-13172 TID-70198919347540 Rails: 
[2015-07-07T16:18:56] INFO  PID-13172 TID-70198919347540 Rails: Started GET "/administrator" for ::1 at 2015-07-07 16:18:56 +0100
[2015-07-07T16:18:56] INFO  PID-13172 TID-70198919347540 ActionController::Base: Processing by RailsAdmin::MainController#dashboard as HTML
  Rendered /Users/jorgem1r/.rbenv/versions/2.2.1/lib/ruby/gems/2.2.0/gems/rails_admin-0.6.7/app/views/rails_admin/main/dashboard.html.haml within layouts/rails_admin/application (313.0ms)
  Rendered /Users/jorgem1r/.rbenv/versions/2.2.1/lib/ruby/gems/2.2.0/gems/rails_admin-0.6.7/app/views/layouts/rails_admin/_secondary_navigation.html.haml (2.4ms)
  Rendered /Users/jorgem1r/.rbenv/versions/2.2.1/lib/ruby/gems/2.2.0/gems/rails_admin-0.6.7/app/views/layouts/rails_admin/_navigation.html.haml (8.5ms)
  Rendered /Users/jorgem1r/.rbenv/versions/2.2.1/lib/ruby/gems/2.2.0/gems/rails_admin-0.6.7/app/views/layouts/rails_admin/pjax.html.haml (4.6ms)
[2015-07-07T16:18:58] INFO  PID-13172 TID-70198919347540 ActionController::Base: Completed 200 OK in 1809ms (Views: 687.7ms | ActiveRecord: 33.1ms)
[2015-07-09T13:58:02] DEBUG PID-2219 TID-70266471665200 Rails: 
