[2015-07-09T13:58:02] DEBUG PID-2219 TID-70266471665200 Rails: 
[2015-07-09T13:58:02] INFO  PID-2219 TID-70266471665200 Rails: Started GET "/" for ::1 at 2015-07-09 13:58:02 +0100
[2015-07-09T13:58:02] INFO  PID-2219 TID-70266471665200 ActionController::Base: Processing by HomeController#show as HTML
[2015-07-09T13:58:03] INFO  PID-2219 TID-70266471665200 ActionController::Base: Redirected to http://localhost:3000/stream
[2015-07-09T13:58:03] INFO  PID-2219 TID-70266471665200 ActionController::Base: Completed 302 Found in 419ms (ActiveRecord: 101.3ms)
[2015-07-09T13:58:03] DEBUG PID-2219 TID-70266471663960 Rails: 
[2015-07-09T13:58:03] DEBUG PID-2219 TID-70266471663960 Rails: 
[2015-07-09T13:58:03] INFO  PID-2219 TID-70266471663960 Rails: Started GET "/" for ::1 at 2015-07-09 13:58:03 +0100
[2015-07-09T13:58:03] INFO  PID-2219 TID-70266471663960 ActionController::Base: Processing by HomeController#show as HTML
[2015-07-09T13:58:03] INFO  PID-2219 TID-70266471663960 ActionController::Base: Redirected to http://localhost:3000/stream
[2015-07-09T13:58:03] INFO  PID-2219 TID-70266471663960 ActionController::Base: Completed 302 Found in 66ms (ActiveRecord: 0.4ms)
[2015-07-09T13:58:03] DEBUG PID-2219 TID-70266471663960 Rails: 
[2015-07-09T13:58:03] DEBUG PID-2219 TID-70266471663960 Rails: 
[2015-07-09T13:58:03] INFO  PID-2219 TID-70266471663960 Rails: Started GET "/stream" for ::1 at 2015-07-09 13:58:03 +0100
[2015-07-09T13:58:03] INFO  PID-2219 TID-70266471663960 ActionController::Base: Processing by StreamsController#multi as HTML
  Rendered aspects/_aspect_listings.haml (1.9ms)
  Rendered tags/_followed_tags_listings.haml (1.9ms)
  Rendered publisher/_aspect_dropdown.html.haml (8.8ms)
  Rendered shared/_public_explain.haml (10.5ms)
  Rendered publisher/_publisher.html.haml (222.3ms)
  Rendered aspects/_no_posts_message.haml (1.2ms)
  Rendered aspects/_no_contacts_message.haml (2.7ms)
  Rendered aspects/_aspect_stream.haml (306.1ms)
  Rendered shared/_modal.haml (2.0ms)
  Rendered shared/_invitations.haml (39.7ms)
  Rendered shared/_links.haml (3.9ms)
  Rendered shared/_right_sections.html.haml (62.3ms)
  Rendered streams/main_stream.html.haml within layouts/with_header (401.2ms)
  Rendered layouts/_header.html.haml (2.3ms)
  Rendered layouts/_open_graph.haml (5.9ms)
  Rendered layouts/application.html.haml (1816.0ms)
[2015-07-09T13:58:05] INFO  PID-2219 TID-70266471663960 ActionController::Base: Completed 200 OK in 2257ms (Views: 2048.8ms | ActiveRecord: 197.4ms)
[2015-07-09T13:58:13] DEBUG PID-2219 TID-70266471663960 Rails: 
[2015-07-09T13:58:13] DEBUG PID-2219 TID-70266471663960 Rails: 
[2015-07-09T13:58:13] INFO  PID-2219 TID-70266471663960 Rails: Started GET "/stream?_=1436446686071" for ::1 at 2015-07-09 13:58:13 +0100
[2015-07-09T13:58:13] INFO  PID-2219 TID-70266471663960 ActionController::Base: Processing by StreamsController#multi as JSON
[2015-07-09T13:58:13] INFO  PID-2219 TID-70266471663960 ActionController::Base:   Parameters: {"_"=>"1436446686071"}
[2015-07-09T13:58:13] DEBUG PID-2219 TID-70266471663960 EvilQuery::MultiStream: [EVIL-QUERY] make_relation!
[2015-07-09T13:58:13] DEBUG PID-2219 TID-70266471663960 EvilQuery::MultiStream: [EVIL-QUERY] aspect_post_ids!
[2015-07-09T13:58:14] DEBUG PID-2219 TID-70266471663960 User: [EVIL-QUERY] user.construct_public_followings_sql
[2015-07-09T13:58:14] DEBUG PID-2219 TID-70266471663960 EvilQuery::MultiStream: [EVIL-QUERY] followed_tags_posts!
[2015-07-09T13:58:14] DEBUG PID-2219 TID-70266471663960 EvilQuery::MultiStream: [EVIL-QUERY] mentioned_posts
[2015-07-09T13:58:14] INFO  PID-2219 TID-70266471663960 ActionController::Base: Completed 200 OK in 558ms (Views: 44.3ms | ActiveRecord: 344.8ms)
[2015-07-09T13:58:16] DEBUG PID-2219 TID-70266462701660 Rails: 
[2015-07-09T13:58:16] DEBUG PID-2219 TID-70266462701660 Rails: 
[2015-07-09T13:58:16] INFO  PID-2219 TID-70266462701660 Rails: Started DELETE "/users/sign_out" for ::1 at 2015-07-09 13:58:16 +0100
[2015-07-09T13:58:16] INFO  PID-2219 TID-70266462701660 ActionController::Base: Processing by SessionsController#destroy as HTML
[2015-07-09T13:58:16] INFO  PID-2219 TID-70266462701660 ActionController::Base:   Parameters: {"authenticity_token"=>"qUi6J604tJWArohRBTf5+D6eoTK4aPY7gpyWytsIkmDA5Vg1BcWbsXxOrepxYvANoY/WI5h/D7e99TQ6Uem/IA=="}
[2015-07-09T13:58:16] INFO  PID-2219 TID-70266462701660 ActionController::Base: Redirected to http://localhost:3000/users/sign_in
[2015-07-09T13:58:16] INFO  PID-2219 TID-70266462701660 ActionController::Base: Completed 302 Found in 42ms (ActiveRecord: 20.9ms)
[2015-07-09T13:58:16] DEBUG PID-2219 TID-70266462701660 Rails: 
[2015-07-09T13:58:16] DEBUG PID-2219 TID-70266462701660 Rails: 
[2015-07-09T13:58:16] INFO  PID-2219 TID-70266462701660 Rails: Started GET "/users/sign_in" for ::1 at 2015-07-09 13:58:16 +0100
[2015-07-09T13:58:16] INFO  PID-2219 TID-70266462701660 ActionController::Base: Processing by SessionsController#new as HTML
  Rendered sessions/new.html.haml within layouts/with_header_with_footer (9.6ms)
  Rendered shared/_links.haml (2.3ms)
  Rendered layouts/_footer.html.haml (5.1ms)
  Rendered layouts/_header.html.haml (3.4ms)
  Rendered layouts/_open_graph.haml (1.5ms)
  Rendered layouts/application.html.haml (125.2ms)
  Rendered layouts/with_header.html.haml (131.1ms)
[2015-07-09T13:58:16] INFO  PID-2219 TID-70266462701660 ActionController::Base: Completed 200 OK in 165ms (Views: 154.4ms | ActiveRecord: 0.0ms)
[2015-07-09T13:58:22] DEBUG PID-2219 TID-70266471663960 Rails: 
[2015-07-09T13:58:22] DEBUG PID-2219 TID-70266471663960 Rails: 
[2015-07-09T13:58:22] INFO  PID-2219 TID-70266471663960 Rails: Started GET "/" for ::1 at 2015-07-09 13:58:22 +0100
[2015-07-09T13:58:22] INFO  PID-2219 TID-70266471663960 ActionController::Base: Processing by HomeController#show as HTML
  Rendered home/default.haml within layouts/application (45.0ms)
  Rendered layouts/_open_graph.haml (1.8ms)
[2015-07-09T13:58:22] INFO  PID-2219 TID-70266471663960 ActionController::Base: Completed 200 OK in 200ms (Views: 194.8ms | ActiveRecord: 0.0ms)
[2015-07-09T13:59:56] DEBUG PID-2219 TID-70266498134460 Rails: 
[2015-07-09T13:59:56] DEBUG PID-2219 TID-70266498134460 Rails: 
[2015-07-09T13:59:56] INFO  PID-2219 TID-70266498134460 Rails: Started GET "/" for ::1 at 2015-07-09 13:59:56 +0100
[2015-07-09T13:59:56] INFO  PID-2219 TID-70266498134460 ActionController::Base: Processing by HomeController#show as HTML
  Rendered home/default.haml within layouts/application (11.3ms)
  Rendered layouts/_open_graph.haml (1.7ms)
[2015-07-09T13:59:56] INFO  PID-2219 TID-70266498134460 ActionController::Base: Completed 200 OK in 132ms (Views: 128.1ms | ActiveRecord: 0.0ms)
[2015-07-09T14:01:29] DEBUG PID-2219 TID-70266496856880 Rails: 
[2015-07-09T14:01:29] DEBUG PID-2219 TID-70266496856880 Rails: 
[2015-07-09T14:01:29] INFO  PID-2219 TID-70266496856880 Rails: Started GET "/" for ::1 at 2015-07-09 14:01:29 +0100
[2015-07-09T14:01:29] INFO  PID-2219 TID-70266496856880 ActionController::Base: Processing by HomeController#show as HTML
  Rendered home/default.haml within layouts/application (3.7ms)
  Rendered layouts/_open_graph.haml (2.2ms)
[2015-07-09T14:01:29] INFO  PID-2219 TID-70266496856880 ActionController::Base: Completed 200 OK in 201ms (Views: 196.9ms | ActiveRecord: 0.0ms)
[2015-07-09T14:18:00] DEBUG PID-2219 TID-70266473074540 Rails: 
[2015-07-09T14:18:00] DEBUG PID-2219 TID-70266473074540 Rails: 
[2015-07-09T14:18:00] INFO  PID-2219 TID-70266473074540 Rails: Started GET "/carousel-example-generic" for ::1 at 2015-07-09 14:18:00 +0100
[2015-07-09T14:18:01] FATAL PID-2219 TID-70266473074540 Rails: 
ActionController::RoutingError (No route matches [GET] "/carousel-example-generic"):
  lib/rack/chrome_frame.rb:39:in `call'


  Rendered /Users/jorgem1r/.rbenv/versions/2.2.1/lib/ruby/gems/2.2.0/gems/actionpack-4.2.2/lib/action_dispatch/middleware/templates/rescues/_trace.html.erb (11.3ms)
  Rendered /Users/jorgem1r/.rbenv/versions/2.2.1/lib/ruby/gems/2.2.0/gems/actionpack-4.2.2/lib/action_dispatch/middleware/templates/routes/_route.html.erb (20.4ms)
  Rendered /Users/jorgem1r/.rbenv/versions/2.2.1/lib/ruby/gems/2.2.0/gems/actionpack-4.2.2/lib/action_dispatch/middleware/templates/routes/_route.html.erb (0.7ms)
  Rendered /Users/jorgem1r/.rbenv/versions/2.2.1/lib/ruby/gems/2.2.0/gems/actionpack-4.2.2/lib/action_dispatch/middleware/templates/routes/_table.html.erb (114.1ms)
  Rendered /Users/jorgem1r/.rbenv/versions/2.2.1/lib/ruby/gems/2.2.0/gems/actionpack-4.2.2/lib/action_dispatch/middleware/templates/rescues/_request_and_response.html.erb (5.4ms)
  Rendered /Users/jorgem1r/.rbenv/versions/2.2.1/lib/ruby/gems/2.2.0/gems/actionpack-4.2.2/lib/action_dispatch/middleware/templates/rescues/routing_error.html.erb within rescues/layout (465.9ms)
[2015-07-09T14:18:10] DEBUG PID-2219 TID-70266473074540 Rails: 
[2015-07-09T14:18:10] DEBUG PID-2219 TID-70266473074540 Rails: 
[2015-07-09T14:18:10] INFO  PID-2219 TID-70266473074540 Rails: Started GET "/" for ::1 at 2015-07-09 14:18:10 +0100
[2015-07-09T14:18:10] INFO  PID-2219 TID-70266473074540 ActionController::Base: Processing by HomeController#show as HTML
  Rendered home/default.haml within layouts/application (48.9ms)
  Rendered layouts/_open_graph.haml (4.1ms)
[2015-07-09T14:18:10] INFO  PID-2219 TID-70266473074540 ActionController::Base: Completed 200 OK in 344ms (Views: 331.9ms | ActiveRecord: 0.0ms)
[2015-07-09T14:25:20] DEBUG PID-2219 TID-70266474157560 Rails: 
[2015-07-09T14:25:20] DEBUG PID-2219 TID-70266474157560 Rails: 
[2015-07-09T14:25:20] INFO  PID-2219 TID-70266474157560 Rails: Started GET "/myCarousel" for ::1 at 2015-07-09 14:25:20 +0100
[2015-07-09T14:25:20] FATAL PID-2219 TID-70266474157560 Rails: 
ActionController::RoutingError (No route matches [GET] "/myCarousel"):
  lib/rack/chrome_frame.rb:39:in `call'


  Rendered /Users/jorgem1r/.rbenv/versions/2.2.1/lib/ruby/gems/2.2.0/gems/actionpack-4.2.2/lib/action_dispatch/middleware/templates/rescues/_trace.html.erb (1.6ms)
  Rendered /Users/jorgem1r/.rbenv/versions/2.2.1/lib/ruby/gems/2.2.0/gems/actionpack-4.2.2/lib/action_dispatch/middleware/templates/routes/_route.html.erb (9.1ms)
  Rendered /Users/jorgem1r/.rbenv/versions/2.2.1/lib/ruby/gems/2.2.0/gems/actionpack-4.2.2/lib/action_dispatch/middleware/templates/routes/_route.html.erb (0.5ms)
  Rendered /Users/jorgem1r/.rbenv/versions/2.2.1/lib/ruby/gems/2.2.0/gems/actionpack-4.2.2/lib/action_dispatch/middleware/templates/routes/_table.html.erb (1.3ms)
  Rendered /Users/jorgem1r/.rbenv/versions/2.2.1/lib/ruby/gems/2.2.0/gems/actionpack-4.2.2/lib/action_dispatch/middleware/templates/rescues/_request_and_response.html.erb (1.5ms)
  Rendered /Users/jorgem1r/.rbenv/versions/2.2.1/lib/ruby/gems/2.2.0/gems/actionpack-4.2.2/lib/action_dispatch/middleware/templates/rescues/routing_error.html.erb within rescues/layout (200.9ms)
[2015-07-09T14:25:22] DEBUG PID-2219 TID-70266474157560 Rails: 
[2015-07-09T14:25:22] DEBUG PID-2219 TID-70266474157560 Rails: 
[2015-07-09T14:25:22] INFO  PID-2219 TID-70266474157560 Rails: Started GET "/" for ::1 at 2015-07-09 14:25:22 +0100
[2015-07-09T14:25:22] INFO  PID-2219 TID-70266474157560 ActionController::Base: Processing by HomeController#show as HTML
  Rendered home/default.haml within layouts/application (16.4ms)
  Rendered layouts/_open_graph.haml (2.3ms)
[2015-07-09T14:25:23] INFO  PID-2219 TID-70266474157560 ActionController::Base: Completed 200 OK in 259ms (Views: 255.1ms | ActiveRecord: 0.0ms)
[2015-07-09T14:30:42] DEBUG PID-2219 TID-70266496655640 Rails: 
[2015-07-09T14:30:42] DEBUG PID-2219 TID-70266496655640 Rails: 
[2015-07-09T14:30:42] INFO  PID-2219 TID-70266496655640 Rails: Started GET "/" for ::1 at 2015-07-09 14:30:42 +0100
[2015-07-09T14:30:42] INFO  PID-2219 TID-70266496655640 ActionController::Base: Processing by HomeController#show as HTML
  Rendered home/default.haml within layouts/application (129.8ms)
  Rendered layouts/_open_graph.haml (7.8ms)
[2015-07-09T14:30:43] INFO  PID-2219 TID-70266496655640 ActionController::Base: Completed 200 OK in 510ms (Views: 489.0ms | ActiveRecord: 0.0ms)
[2015-07-09T14:32:13] DEBUG PID-2219 TID-70266472400660 Rails: 
[2015-07-09T14:32:13] DEBUG PID-2219 TID-70266472400660 Rails: 
[2015-07-09T14:32:13] INFO  PID-2219 TID-70266472400660 Rails: Started GET "/" for ::1 at 2015-07-09 14:32:13 +0100
[2015-07-09T14:32:13] INFO  PID-2219 TID-70266472400660 ActionController::Base: Processing by HomeController#show as HTML
  Rendered home/default.haml within layouts/application (16.5ms)
  Rendered layouts/_open_graph.haml (1.6ms)
[2015-07-09T14:32:13] INFO  PID-2219 TID-70266472400660 ActionController::Base: Completed 200 OK in 167ms (Views: 162.6ms | ActiveRecord: 0.0ms)
[2015-07-09T14:32:56] DEBUG PID-2219 TID-70266462924400 Rails: 
[2015-07-09T14:32:56] DEBUG PID-2219 TID-70266462924400 Rails: 
[2015-07-09T14:32:56] INFO  PID-2219 TID-70266462924400 Rails: Started GET "/" for ::1 at 2015-07-09 14:32:56 +0100
[2015-07-09T14:32:56] INFO  PID-2219 TID-70266462924400 ActionController::Base: Processing by HomeController#show as HTML
  Rendered home/default.haml within layouts/application (17.0ms)
  Rendered layouts/_open_graph.haml (1.8ms)
[2015-07-09T14:32:56] INFO  PID-2219 TID-70266462924400 ActionController::Base: Completed 200 OK in 153ms (Views: 147.0ms | ActiveRecord: 0.0ms)
[2015-07-09T14:36:56] DEBUG PID-2219 TID-70266471096420 Rails: 
[2015-07-09T14:36:56] DEBUG PID-2219 TID-70266471096420 Rails: 
[2015-07-09T14:36:56] INFO  PID-2219 TID-70266471096420 Rails: Started GET "/administrator" for ::1 at 2015-07-09 14:36:56 +0100
[2015-07-09T14:36:56] INFO  PID-2219 TID-70266471096420 ActionController::Base: Processing by RailsAdmin::MainController#dashboard as HTML
  Rendered /Users/jorgem1r/.rbenv/versions/2.2.1/lib/ruby/gems/2.2.0/gems/rails_admin-0.6.7/app/views/rails_admin/main/dashboard.html.haml within layouts/rails_admin/application (202.8ms)
  Rendered /Users/jorgem1r/.rbenv/versions/2.2.1/lib/ruby/gems/2.2.0/gems/rails_admin-0.6.7/app/views/layouts/rails_admin/_secondary_navigation.html.haml (3.7ms)
  Rendered /Users/jorgem1r/.rbenv/versions/2.2.1/lib/ruby/gems/2.2.0/gems/rails_admin-0.6.7/app/views/layouts/rails_admin/_navigation.html.haml (12.9ms)
  Rendered /Users/jorgem1r/.rbenv/versions/2.2.1/lib/ruby/gems/2.2.0/gems/rails_admin-0.6.7/app/views/layouts/rails_admin/pjax.html.haml (4.6ms)
[2015-07-09T14:36:58] INFO  PID-2219 TID-70266471096420 ActionController::Base: Completed 200 OK in 2216ms (Views: 652.8ms | ActiveRecord: 105.0ms)
[2015-07-09T14:39:04] DEBUG PID-2219 TID-70266439847780 Rails: 
[2015-07-09T14:39:04] DEBUG PID-2219 TID-70266439847780 Rails: 
[2015-07-09T14:39:04] INFO  PID-2219 TID-70266439847780 Rails: Started GET "/administrator/?_pjax=%5Bdata-pjax-container%5D" for ::1 at 2015-07-09 14:39:04 +0100
[2015-07-09T14:39:04] INFO  PID-2219 TID-70266439847780 ActionController::Base: Processing by RailsAdmin::MainController#dashboard as HTML
[2015-07-09T14:39:04] INFO  PID-2219 TID-70266439847780 ActionController::Base:   Parameters: {"_pjax"=>"[data-pjax-container]"}
  Rendered /Users/jorgem1r/.rbenv/versions/2.2.1/lib/ruby/gems/2.2.0/gems/rails_admin-0.6.7/app/views/rails_admin/main/dashboard.html.haml within layouts/rails_admin/pjax (218.3ms)
[2015-07-09T14:39:04] INFO  PID-2219 TID-70266439847780 ActionController::Base: Completed 200 OK in 431ms (Views: 285.3ms | ActiveRecord: 21.8ms)
[2015-07-09T14:39:07] DEBUG PID-2219 TID-70266439847780 Rails: 
[2015-07-09T14:39:07] DEBUG PID-2219 TID-70266439847780 Rails: 
[2015-07-09T14:39:07] INFO  PID-2219 TID-70266439847780 Rails: Started GET "/" for ::1 at 2015-07-09 14:39:07 +0100
[2015-07-09T14:39:07] INFO  PID-2219 TID-70266439847780 ActionController::Base: Processing by HomeController#show as HTML
  Rendered home/default.haml within layouts/application (6.3ms)
  Rendered layouts/_open_graph.haml (3.0ms)
[2015-07-09T14:39:07] INFO  PID-2219 TID-70266439847780 ActionController::Base: Completed 200 OK in 340ms (Views: 335.0ms | ActiveRecord: 0.0ms)
[2015-07-09T14:39:17] DEBUG PID-2219 TID-70266485888740 Rails: 
[2015-07-09T14:39:17] DEBUG PID-2219 TID-70266485888740 Rails: 
[2015-07-09T14:39:17] INFO  PID-2219 TID-70266485888740 Rails: Started GET "/login" for ::1 at 2015-07-09 14:39:17 +0100
[2015-07-09T14:39:17] DEBUG PID-2219 TID-70266485888740 Rails: 
[2015-07-09T14:39:17] DEBUG PID-2219 TID-70266485888740 Rails: 
[2015-07-09T14:39:17] INFO  PID-2219 TID-70266485888740 Rails: Started GET "/users/sign_in" for ::1 at 2015-07-09 14:39:17 +0100
[2015-07-09T14:39:17] INFO  PID-2219 TID-70266485888740 ActionController::Base: Processing by SessionsController#new as HTML
  Rendered sessions/new.html.haml within layouts/with_header_with_footer (3.0ms)
  Rendered shared/_links.haml (2.1ms)
  Rendered layouts/_footer.html.haml (4.1ms)
  Rendered layouts/_header.html.haml (1.1ms)
  Rendered layouts/_open_graph.haml (1.2ms)
  Rendered layouts/application.html.haml (107.3ms)
  Rendered layouts/with_header.html.haml (111.5ms)
[2015-07-09T14:39:17] INFO  PID-2219 TID-70266485888740 ActionController::Base: Completed 200 OK in 129ms (Views: 125.5ms | ActiveRecord: 0.0ms)
[2015-07-09T14:39:36] DEBUG PID-2219 TID-70266485887440 Rails: 
[2015-07-09T14:39:36] DEBUG PID-2219 TID-70266485887440 Rails: 
[2015-07-09T14:39:36] INFO  PID-2219 TID-70266485887440 Rails: Started POST "/users/sign_in" for ::1 at 2015-07-09 14:39:36 +0100
[2015-07-09T14:39:36] INFO  PID-2219 TID-70266485887440 ActionController::Base: Processing by SessionsController#create as HTML
[2015-07-09T14:39:36] INFO  PID-2219 TID-70266485887440 ActionController::Base:   Parameters: {"utf8"=>"✓", "authenticity_token"=>"YRZVJgBHdbh7C0X+tnq8+zIvRB8JpNBLEnBanG/sGSJaUWWqW1wL4DxJ6pVIviXFODIhH/WwkDlABIRB6pbmOw==", "user"=>{"username"=>"jorgem1r", "password"=>"[FILTERED]", "remember_me"=>"1"}, "commit"=>"Sign in"}
[2015-07-09T14:39:36] INFO  PID-2219 TID-70266485887440 ActionController::Base: Redirected to http://localhost:3000/stream
[2015-07-09T14:39:36] INFO  PID-2219 TID-70266485887440 ActionController::Base: Completed 302 Found in 229ms (ActiveRecord: 30.9ms)
[2015-07-09T14:39:36] DEBUG PID-2219 TID-70266485887440 Rails: 
[2015-07-09T14:39:36] DEBUG PID-2219 TID-70266485887440 Rails: 
[2015-07-09T14:39:36] INFO  PID-2219 TID-70266485887440 Rails: Started GET "/stream" for ::1 at 2015-07-09 14:39:36 +0100
[2015-07-09T14:39:36] INFO  PID-2219 TID-70266485887440 ActionController::Base: Processing by StreamsController#multi as HTML
  Rendered aspects/_aspect_listings.haml (0.9ms)
  Rendered tags/_followed_tags_listings.haml (0.4ms)
  Rendered publisher/_aspect_dropdown.html.haml (0.9ms)
  Rendered shared/_public_explain.haml (2.3ms)
  Rendered publisher/_publisher.html.haml (11.7ms)
  Rendered aspects/_no_posts_message.haml (0.3ms)
  Rendered aspects/_no_contacts_message.haml (0.7ms)
  Rendered aspects/_aspect_stream.haml (22.4ms)
  Rendered shared/_modal.haml (0.4ms)
  Rendered shared/_invitations.haml (3.7ms)
  Rendered shared/_links.haml (1.4ms)
  Rendered shared/_right_sections.html.haml (12.0ms)
  Rendered streams/main_stream.html.haml within layouts/with_header (47.7ms)
  Rendered layouts/_header.html.haml (0.1ms)
  Rendered layouts/_open_graph.haml (1.7ms)
  Rendered layouts/application.html.haml (116.3ms)
[2015-07-09T14:39:36] INFO  PID-2219 TID-70266485887440 ActionController::Base: Completed 200 OK in 179ms (Views: 171.9ms | ActiveRecord: 3.3ms)
[2015-07-09T14:39:43] DEBUG PID-2219 TID-70266439847780 Rails: 
[2015-07-09T14:39:43] DEBUG PID-2219 TID-70266439847780 Rails: 
[2015-07-09T14:39:43] INFO  PID-2219 TID-70266439847780 Rails: Started GET "/stream?_=1436449177065" for ::1 at 2015-07-09 14:39:43 +0100
[2015-07-09T14:39:44] INFO  PID-2219 TID-70266439847780 ActionController::Base: Processing by StreamsController#multi as JSON
[2015-07-09T14:39:44] INFO  PID-2219 TID-70266439847780 ActionController::Base:   Parameters: {"_"=>"1436449177065"}
[2015-07-09T14:39:44] DEBUG PID-2219 TID-70266439847780 EvilQuery::MultiStream: [EVIL-QUERY] make_relation!
[2015-07-09T14:39:44] DEBUG PID-2219 TID-70266439847780 EvilQuery::MultiStream: [EVIL-QUERY] aspect_post_ids!
[2015-07-09T14:39:44] DEBUG PID-2219 TID-70266439847780 User: [EVIL-QUERY] user.construct_public_followings_sql
[2015-07-09T14:39:44] DEBUG PID-2219 TID-70266439847780 EvilQuery::MultiStream: [EVIL-QUERY] followed_tags_posts!
[2015-07-09T14:39:44] DEBUG PID-2219 TID-70266439847780 EvilQuery::MultiStream: [EVIL-QUERY] mentioned_posts
[2015-07-09T14:39:44] INFO  PID-2219 TID-70266439847780 ActionController::Base: Completed 200 OK in 57ms (Views: 20.1ms | ActiveRecord: 15.4ms)
[2015-07-09T14:39:48] DEBUG PID-2219 TID-70266485891740 Rails: 
[2015-07-09T14:39:48] DEBUG PID-2219 TID-70266485891740 Rails: 
[2015-07-09T14:39:48] INFO  PID-2219 TID-70266485891740 Rails: Started GET "/user/edit" for ::1 at 2015-07-09 14:39:48 +0100
[2015-07-09T14:39:48] INFO  PID-2219 TID-70266485891740 ActionController::Base: Processing by UsersController#edit as HTML
  Rendered shared/_settings_nav.haml (4.4ms)
  Rendered users/_close_account_modal.haml (7.8ms)
  Rendered users/edit.html.haml within layouts/with_header_with_footer (80.3ms)
  Rendered shared/_links.haml (1.4ms)
  Rendered layouts/_footer.html.haml (2.5ms)
  Rendered layouts/_header.html.haml (0.1ms)
  Rendered layouts/_open_graph.haml (1.8ms)
  Rendered layouts/application.html.haml (116.3ms)
  Rendered layouts/with_header.html.haml (118.6ms)
[2015-07-09T14:39:48] INFO  PID-2219 TID-70266485891740 ActionController::Base: Completed 200 OK in 214ms (Views: 205.2ms | ActiveRecord: 2.7ms)
[2015-07-09T14:40:07] DEBUG PID-2219 TID-70266485887440 Rails: 
[2015-07-09T14:40:07] DEBUG PID-2219 TID-70266485887440 Rails: 
[2015-07-09T14:40:07] INFO  PID-2219 TID-70266485887440 Rails: Started GET "/privacy" for ::1 at 2015-07-09 14:40:07 +0100
[2015-07-09T14:40:07] INFO  PID-2219 TID-70266485887440 ActionController::Base: Processing by UsersController#privacy_settings as HTML
  Rendered shared/_settings_nav.haml (1.1ms)
  Rendered users/privacy_settings.html.haml within layouts/with_header_with_footer (10.6ms)
  Rendered shared/_links.haml (1.6ms)
  Rendered layouts/_footer.html.haml (2.7ms)
  Rendered layouts/_header.html.haml (0.1ms)
  Rendered layouts/_open_graph.haml (1.5ms)
  Rendered layouts/application.html.haml (125.5ms)
  Rendered layouts/with_header.html.haml (128.0ms)
[2015-07-09T14:40:07] INFO  PID-2219 TID-70266485887440 ActionController::Base: Completed 200 OK in 155ms (Views: 145.9ms | ActiveRecord: 2.2ms)
[2015-07-09T14:40:16] DEBUG PID-2219 TID-70266485888740 Rails: 
[2015-07-09T14:40:16] DEBUG PID-2219 TID-70266485888740 Rails: 
[2015-07-09T14:40:16] INFO  PID-2219 TID-70266485888740 Rails: Started GET "/services" for ::1 at 2015-07-09 14:40:16 +0100
[2015-07-09T14:40:16] INFO  PID-2219 TID-70266485888740 ActionController::Base: Processing by ServicesController#index as HTML
  Rendered shared/_settings_nav.haml (0.8ms)
  Rendered services/_add_remove_services.haml (1.9ms)
  Rendered services/index.html.haml within layouts/with_header_with_footer (8.0ms)
  Rendered shared/_links.haml (1.5ms)
  Rendered layouts/_footer.html.haml (2.8ms)
  Rendered layouts/_header.html.haml (0.1ms)
  Rendered layouts/_open_graph.haml (1.5ms)
  Rendered layouts/application.html.haml (125.7ms)
  Rendered layouts/with_header.html.haml (128.0ms)
[2015-07-09T14:40:16] INFO  PID-2219 TID-70266485888740 ActionController::Base: Completed 200 OK in 149ms (Views: 142.8ms | ActiveRecord: 1.8ms)
[2015-07-09T14:40:33] DEBUG PID-2219 TID-70266485887440 Rails: 
[2015-07-09T14:40:33] DEBUG PID-2219 TID-70266485887440 Rails: 
[2015-07-09T14:40:33] INFO  PID-2219 TID-70266485887440 Rails: Started GET "/admins/user_search" for ::1 at 2015-07-09 14:40:33 +0100
[2015-07-09T14:40:33] INFO  PID-2219 TID-70266485887440 ActionController::Base: Processing by AdminsController#user_search as HTML
  Rendered admins/_admin_bar.haml (9.5ms)
  Rendered admins/user_search.html.haml within layouts/with_header_with_footer (18.4ms)
  Rendered shared/_links.haml (1.8ms)
  Rendered layouts/_footer.html.haml (3.5ms)
  Rendered layouts/_header.html.haml (0.1ms)
  Rendered layouts/_open_graph.haml (1.5ms)
  Rendered layouts/application.html.haml (136.8ms)
  Rendered layouts/with_header.html.haml (140.1ms)
[2015-07-09T14:40:33] INFO  PID-2219 TID-70266485887440 ActionController::Base: Completed 200 OK in 176ms (Views: 167.1ms | ActiveRecord: 2.9ms)
[2015-07-09T14:40:44] DEBUG PID-2219 TID-70266485887440 Rails: 
[2015-07-09T14:40:44] DEBUG PID-2219 TID-70266485887440 Rails: 
[2015-07-09T14:40:44] INFO  PID-2219 TID-70266485887440 Rails: Started GET "/admins/stats" for ::1 at 2015-07-09 14:40:44 +0100
[2015-07-09T14:40:44] INFO  PID-2219 TID-70266485887440 ActionController::Base: Processing by AdminsController#stats as HTML
  Rendered admins/_admin_bar.haml (3.1ms)
  Rendered admins/stats.html.haml within layouts/with_header_with_footer (10.5ms)
  Rendered shared/_links.haml (1.2ms)
  Rendered layouts/_footer.html.haml (2.7ms)
  Rendered layouts/_header.html.haml (0.1ms)
  Rendered layouts/_open_graph.haml (1.5ms)
  Rendered layouts/application.html.haml (156.2ms)
  Rendered layouts/with_header.html.haml (159.2ms)
[2015-07-09T14:40:44] INFO  PID-2219 TID-70266485887440 ActionController::Base: Completed 200 OK in 231ms (Views: 178.7ms | ActiveRecord: 30.5ms)
[2015-07-09T14:41:38] DEBUG PID-2219 TID-70266273663900 Rails: 
[2015-07-09T14:41:38] DEBUG PID-2219 TID-70266273663900 Rails: 
[2015-07-09T14:41:38] INFO  PID-2219 TID-70266273663900 Rails: Started GET "/admins/stats" for ::1 at 2015-07-09 14:41:38 +0100
[2015-07-09T14:41:38] INFO  PID-2219 TID-70266273663900 ActionController::Base: Processing by AdminsController#stats as HTML
  Rendered admins/_admin_bar.haml (18.5ms)
  Rendered admins/stats.html.haml within layouts/with_header_with_footer (25.2ms)
  Rendered shared/_links.haml (2.8ms)
  Rendered layouts/_footer.html.haml (4.7ms)
  Rendered layouts/_header.html.haml (0.2ms)
  Rendered layouts/_open_graph.haml (4.3ms)
  Rendered layouts/application.html.haml (288.0ms)
  Rendered layouts/with_header.html.haml (291.8ms)
[2015-07-09T14:41:39] INFO  PID-2219 TID-70266273663900 ActionController::Base: Completed 200 OK in 399ms (Views: 333.4ms | ActiveRecord: 8.9ms)
[2015-07-09T14:41:52] DEBUG PID-2219 TID-70266273661880 Rails: 
[2015-07-09T14:41:52] DEBUG PID-2219 TID-70266273661880 Rails: 
[2015-07-09T14:41:52] INFO  PID-2219 TID-70266273661880 Rails: Started GET "/admins/correlations" for ::1 at 2015-07-09 14:41:52 +0100
[2015-07-09T14:41:52] INFO  PID-2219 TID-70266273661880 ActionController::Base: Processing by AdminsController#correlations as HTML
  Rendered admins/_admin_bar.haml (2.7ms)
  Rendered admins/correlations.haml within layouts/with_header_with_footer (6.5ms)
  Rendered shared/_links.haml (1.6ms)
  Rendered layouts/_footer.html.haml (3.7ms)
  Rendered layouts/_header.html.haml (0.1ms)
  Rendered layouts/_open_graph.haml (1.6ms)
  Rendered layouts/application.html.haml (141.0ms)
  Rendered layouts/with_header.html.haml (145.5ms)
[2015-07-09T14:41:52] INFO  PID-2219 TID-70266273661880 ActionController::Base: Completed 200 OK in 185ms (Views: 161.3ms | ActiveRecord: 16.8ms)
[2015-07-09T14:42:04] DEBUG PID-2219 TID-70266273663480 Rails: 
[2015-07-09T14:42:04] DEBUG PID-2219 TID-70266273663480 Rails: 
[2015-07-09T14:42:04] INFO  PID-2219 TID-70266273663480 Rails: Started GET "/sidekiq" for ::1 at 2015-07-09 14:42:04 +0100
[2015-07-09T14:42:04] DEBUG PID-2219 TID-70266273663480 Rails: 
[2015-07-09T14:42:04] DEBUG PID-2219 TID-70266273663480 Rails: 
[2015-07-09T14:42:04] INFO  PID-2219 TID-70266273663480 Rails: Started GET "/sidekiq/__sinatra__/500.png" for ::1 at 2015-07-09 14:42:04 +0100
[2015-07-09T14:42:25] DEBUG PID-2219 TID-70266273663480 Rails: 
[2015-07-09T14:42:25] DEBUG PID-2219 TID-70266273663480 Rails: 
[2015-07-09T14:42:25] INFO  PID-2219 TID-70266273663480 Rails: Started GET "/stream" for ::1 at 2015-07-09 14:42:25 +0100
[2015-07-09T14:42:25] INFO  PID-2219 TID-70266273663480 ActionController::Base: Processing by StreamsController#multi as HTML
  Rendered aspects/_aspect_listings.haml (0.4ms)
  Rendered tags/_followed_tags_listings.haml (0.3ms)
  Rendered publisher/_aspect_dropdown.html.haml (0.9ms)
  Rendered shared/_public_explain.haml (1.8ms)
  Rendered publisher/_publisher.html.haml (11.7ms)
  Rendered aspects/_no_posts_message.haml (0.3ms)
  Rendered aspects/_no_contacts_message.haml (0.7ms)
  Rendered aspects/_aspect_stream.haml (21.3ms)
  Rendered shared/_modal.haml (0.4ms)
  Rendered shared/_invitations.haml (3.7ms)
  Rendered shared/_links.haml (1.4ms)
  Rendered shared/_right_sections.html.haml (12.2ms)
  Rendered streams/main_stream.html.haml within layouts/with_header (47.3ms)
  Rendered layouts/_header.html.haml (0.1ms)
  Rendered layouts/_open_graph.haml (2.4ms)
  Rendered layouts/application.html.haml (206.0ms)
[2015-07-09T14:42:25] INFO  PID-2219 TID-70266273663480 ActionController::Base: Completed 200 OK in 268ms (Views: 260.8ms | ActiveRecord: 3.3ms)
[2015-07-09T14:42:32] DEBUG PID-2219 TID-70266273662680 Rails: 
[2015-07-09T14:42:32] DEBUG PID-2219 TID-70266273662680 Rails: 
[2015-07-09T14:42:32] INFO  PID-2219 TID-70266273662680 Rails: Started GET "/stream?_=1436449346174" for ::1 at 2015-07-09 14:42:32 +0100
[2015-07-09T14:42:32] INFO  PID-2219 TID-70266273662680 ActionController::Base: Processing by StreamsController#multi as JSON
[2015-07-09T14:42:32] INFO  PID-2219 TID-70266273662680 ActionController::Base:   Parameters: {"_"=>"1436449346174"}
[2015-07-09T14:42:32] DEBUG PID-2219 TID-70266273662680 EvilQuery::MultiStream: [EVIL-QUERY] make_relation!
[2015-07-09T14:42:32] DEBUG PID-2219 TID-70266273662680 EvilQuery::MultiStream: [EVIL-QUERY] aspect_post_ids!
[2015-07-09T14:42:33] DEBUG PID-2219 TID-70266273662680 User: [EVIL-QUERY] user.construct_public_followings_sql
[2015-07-09T14:42:33] DEBUG PID-2219 TID-70266273662680 EvilQuery::MultiStream: [EVIL-QUERY] followed_tags_posts!
[2015-07-09T14:42:33] DEBUG PID-2219 TID-70266273662680 EvilQuery::MultiStream: [EVIL-QUERY] mentioned_posts
[2015-07-09T14:42:33] INFO  PID-2219 TID-70266273662680 ActionController::Base: Completed 200 OK in 84ms (Views: 19.2ms | ActiveRecord: 17.1ms)
[2015-07-09T14:42:34] DEBUG PID-2219 TID-70266273663080 Rails: 
[2015-07-09T14:42:34] DEBUG PID-2219 TID-70266273663080 Rails: 
[2015-07-09T14:42:34] INFO  PID-2219 TID-70266273663080 Rails: Started GET "/stream?max_time=1434983872&_=1436449346175" for ::1 at 2015-07-09 14:42:34 +0100
[2015-07-09T14:42:34] INFO  PID-2219 TID-70266273663080 ActionController::Base: Processing by StreamsController#multi as JSON
[2015-07-09T14:42:34] INFO  PID-2219 TID-70266273663080 ActionController::Base:   Parameters: {"max_time"=>"1434983872", "_"=>"1436449346175"}
[2015-07-09T14:42:34] DEBUG PID-2219 TID-70266273663080 EvilQuery::MultiStream: [EVIL-QUERY] make_relation!
[2015-07-09T14:42:34] DEBUG PID-2219 TID-70266273663080 EvilQuery::MultiStream: [EVIL-QUERY] aspect_post_ids!
[2015-07-09T14:42:34] DEBUG PID-2219 TID-70266273663080 User: [EVIL-QUERY] user.construct_public_followings_sql
[2015-07-09T14:42:34] DEBUG PID-2219 TID-70266273663080 EvilQuery::MultiStream: [EVIL-QUERY] followed_tags_posts!
[2015-07-09T14:42:34] DEBUG PID-2219 TID-70266273663080 EvilQuery::MultiStream: [EVIL-QUERY] mentioned_posts
[2015-07-09T14:42:34] INFO  PID-2219 TID-70266273663080 ActionController::Base: Completed 200 OK in 37ms (Views: 1.1ms | ActiveRecord: 9.6ms)
[2015-07-09T14:42:34] DEBUG PID-2219 TID-70266273663080 Rails: 
[2015-07-09T14:42:34] DEBUG PID-2219 TID-70266273663080 Rails: 
[2015-07-09T14:42:34] INFO  PID-2219 TID-70266273663080 Rails: Started GET "/stream?max_time=1434983872&_=1436449346176" for ::1 at 2015-07-09 14:42:34 +0100
[2015-07-09T14:42:34] INFO  PID-2219 TID-70266273663080 ActionController::Base: Processing by StreamsController#multi as JSON
[2015-07-09T14:42:34] INFO  PID-2219 TID-70266273663080 ActionController::Base:   Parameters: {"max_time"=>"1434983872", "_"=>"1436449346176"}
[2015-07-09T14:42:34] DEBUG PID-2219 TID-70266273663080 EvilQuery::MultiStream: [EVIL-QUERY] make_relation!
[2015-07-09T14:42:34] DEBUG PID-2219 TID-70266273663080 EvilQuery::MultiStream: [EVIL-QUERY] aspect_post_ids!
[2015-07-09T14:42:34] DEBUG PID-2219 TID-70266273663080 User: [EVIL-QUERY] user.construct_public_followings_sql
[2015-07-09T14:42:34] DEBUG PID-2219 TID-70266273663080 EvilQuery::MultiStream: [EVIL-QUERY] followed_tags_posts!
[2015-07-09T14:42:34] DEBUG PID-2219 TID-70266273663080 EvilQuery::MultiStream: [EVIL-QUERY] mentioned_posts
[2015-07-09T14:42:34] INFO  PID-2219 TID-70266273663080 ActionController::Base: Completed 200 OK in 42ms (Views: 0.6ms | ActiveRecord: 6.2ms)
[2015-07-09T14:46:45] DEBUG PID-2219 TID-70266470303080 Rails: 
[2015-07-09T14:46:45] DEBUG PID-2219 TID-70266470303080 Rails: 
[2015-07-09T14:46:45] INFO  PID-2219 TID-70266470303080 Rails: Started GET "/stream" for ::1 at 2015-07-09 14:46:45 +0100
[2015-07-09T14:46:45] INFO  PID-2219 TID-70266470303080 ActionController::Base: Processing by StreamsController#multi as HTML
  Rendered aspects/_aspect_listings.haml (0.4ms)
  Rendered tags/_followed_tags_listings.haml (0.3ms)
  Rendered publisher/_aspect_dropdown.html.haml (1.1ms)
  Rendered shared/_public_explain.haml (1.9ms)
  Rendered publisher/_publisher.html.haml (12.0ms)
  Rendered aspects/_no_posts_message.haml (0.2ms)
  Rendered aspects/_no_contacts_message.haml (0.6ms)
  Rendered aspects/_aspect_stream.haml (23.1ms)
  Rendered shared/_modal.haml (0.3ms)
  Rendered shared/_invitations.haml (3.5ms)
  Rendered shared/_links.haml (3.3ms)
  Rendered shared/_right_sections.html.haml (14.1ms)
  Rendered streams/main_stream.html.haml within layouts/with_header (47.8ms)
  Rendered layouts/_header.html.haml (0.1ms)
  Rendered layouts/_open_graph.haml (2.2ms)
  Rendered layouts/application.html.haml (233.7ms)
[2015-07-09T14:46:45] INFO  PID-2219 TID-70266470303080 ActionController::Base: Completed 200 OK in 323ms (Views: 289.9ms | ActiveRecord: 17.3ms)
[2015-07-09T14:46:53] DEBUG PID-2219 TID-70266470327760 Rails: 
[2015-07-09T14:46:53] DEBUG PID-2219 TID-70266470327760 Rails: 
[2015-07-09T14:46:53] INFO  PID-2219 TID-70266470327760 Rails: Started GET "/stream?_=1436449606309" for ::1 at 2015-07-09 14:46:53 +0100
[2015-07-09T14:46:53] INFO  PID-2219 TID-70266470327760 ActionController::Base: Processing by StreamsController#multi as JSON
[2015-07-09T14:46:53] INFO  PID-2219 TID-70266470327760 ActionController::Base:   Parameters: {"_"=>"1436449606309"}
[2015-07-09T14:46:53] DEBUG PID-2219 TID-70266470327760 EvilQuery::MultiStream: [EVIL-QUERY] make_relation!
[2015-07-09T14:46:53] DEBUG PID-2219 TID-70266470327760 EvilQuery::MultiStream: [EVIL-QUERY] aspect_post_ids!
[2015-07-09T14:46:53] DEBUG PID-2219 TID-70266470327760 User: [EVIL-QUERY] user.construct_public_followings_sql
[2015-07-09T14:46:53] DEBUG PID-2219 TID-70266470327760 EvilQuery::MultiStream: [EVIL-QUERY] followed_tags_posts!
[2015-07-09T14:46:53] DEBUG PID-2219 TID-70266470327760 EvilQuery::MultiStream: [EVIL-QUERY] mentioned_posts
[2015-07-09T14:46:53] INFO  PID-2219 TID-70266470327760 ActionController::Base: Completed 200 OK in 64ms (Views: 24.2ms | ActiveRecord: 13.8ms)
[2015-07-09T14:46:53] DEBUG PID-2219 TID-70266470331440 Rails: 
[2015-07-09T14:46:53] DEBUG PID-2219 TID-70266470331440 Rails: 
[2015-07-09T14:46:53] INFO  PID-2219 TID-70266470331440 Rails: Started GET "/stream?max_time=1434983872&_=1436449606310" for ::1 at 2015-07-09 14:46:53 +0100
[2015-07-09T14:46:53] INFO  PID-2219 TID-70266470331440 ActionController::Base: Processing by StreamsController#multi as JSON
[2015-07-09T14:46:53] INFO  PID-2219 TID-70266470331440 ActionController::Base:   Parameters: {"max_time"=>"1434983872", "_"=>"1436449606310"}
[2015-07-09T14:46:53] DEBUG PID-2219 TID-70266470331440 EvilQuery::MultiStream: [EVIL-QUERY] make_relation!
[2015-07-09T14:46:53] DEBUG PID-2219 TID-70266470331440 EvilQuery::MultiStream: [EVIL-QUERY] aspect_post_ids!
[2015-07-09T14:46:53] DEBUG PID-2219 TID-70266470331440 User: [EVIL-QUERY] user.construct_public_followings_sql
[2015-07-09T14:46:53] DEBUG PID-2219 TID-70266470331440 EvilQuery::MultiStream: [EVIL-QUERY] followed_tags_posts!
[2015-07-09T14:46:54] DEBUG PID-2219 TID-70266470331440 EvilQuery::MultiStream: [EVIL-QUERY] mentioned_posts
[2015-07-09T14:46:54] INFO  PID-2219 TID-70266470331440 ActionController::Base: Completed 200 OK in 171ms (Views: 6.7ms | ActiveRecord: 31.0ms)
[2015-07-09T14:47:01] DEBUG PID-2219 TID-70266470303080 Rails: 
[2015-07-09T14:47:01] DEBUG PID-2219 TID-70266470303080 Rails: 
[2015-07-09T14:47:01] INFO  PID-2219 TID-70266470303080 Rails: Started GET "/people/a9adb670fb190132b3e16c4008b09872" for ::1 at 2015-07-09 14:47:01 +0100
[2015-07-09T14:47:01] INFO  PID-2219 TID-70266470303080 ActionController::Base: Processing by PeopleController#show as HTML
[2015-07-09T14:47:01] INFO  PID-2219 TID-70266470303080 ActionController::Base:   Parameters: {"id"=>"a9adb670fb190132b3e16c4008b09872"}
  Rendered publisher/_aspect_dropdown.html.haml (1.7ms)
  Rendered shared/_public_explain.haml (1.7ms)
  Rendered publisher/_publisher.html.haml (15.0ms)
  Rendered shared/_modal.haml (0.4ms)
  Rendered people/show.html.haml within layouts/with_header (25.2ms)
  Rendered layouts/_header.html.haml (0.1ms)
  Rendered layouts/_open_graph.haml (1.8ms)
  Rendered layouts/application.html.haml (212.2ms)
[2015-07-09T14:47:01] INFO  PID-2219 TID-70266470303080 ActionController::Base: Completed 200 OK in 275ms (Views: 244.4ms | ActiveRecord: 10.7ms)
[2015-07-09T14:47:09] DEBUG PID-2219 TID-70266470333740 Rails: 
[2015-07-09T14:47:09] DEBUG PID-2219 TID-70266470333740 Rails: 
[2015-07-09T14:47:09] INFO  PID-2219 TID-70266470333740 Rails: Started GET "/people/a9adb670fb190132b3e16c4008b09872/stream?_=1436449622350" for ::1 at 2015-07-09 14:47:09 +0100
[2015-07-09T14:47:09] INFO  PID-2219 TID-70266470333740 ActionController::Base: Processing by PeopleController#stream as JSON
[2015-07-09T14:47:09] INFO  PID-2219 TID-70266470333740 ActionController::Base:   Parameters: {"_"=>"1436449622350", "person_id"=>"a9adb670fb190132b3e16c4008b09872"}
[2015-07-09T14:47:09] INFO  PID-2219 TID-70266470333740 ActionController::Base: Completed 200 OK in 62ms (Views: 28.9ms | ActiveRecord: 11.5ms)
[2015-07-09T14:47:14] DEBUG PID-2219 TID-70266470327760 Rails: 
[2015-07-09T14:47:14] DEBUG PID-2219 TID-70266470327760 Rails: 
[2015-07-09T14:47:14] INFO  PID-2219 TID-70266470327760 Rails: Started DELETE "/users/sign_out" for ::1 at 2015-07-09 14:47:14 +0100
[2015-07-09T14:47:15] INFO  PID-2219 TID-70266470327760 ActionController::Base: Processing by SessionsController#destroy as HTML
[2015-07-09T14:47:15] INFO  PID-2219 TID-70266470327760 ActionController::Base:   Parameters: {"authenticity_token"=>"AOVbfrLmbS1Jx3KvpdGKbXh0Wikol4kT99oU+cuJ6PfmHdQgXjlLnc8DOSjKXOG/85gHKdxQ6EJWKT7T+pD8WA=="}
[2015-07-09T14:47:15] INFO  PID-2219 TID-70266470327760 ActionController::Base: Redirected to http://localhost:3000/users/sign_in
[2015-07-09T14:47:15] INFO  PID-2219 TID-70266470327760 ActionController::Base: Completed 302 Found in 17ms (ActiveRecord: 4.0ms)
[2015-07-09T14:47:15] DEBUG PID-2219 TID-70266470327760 Rails: 
[2015-07-09T14:47:15] DEBUG PID-2219 TID-70266470327760 Rails: 
[2015-07-09T14:47:15] INFO  PID-2219 TID-70266470327760 Rails: Started GET "/users/sign_in" for ::1 at 2015-07-09 14:47:15 +0100
[2015-07-09T14:47:15] INFO  PID-2219 TID-70266470327760 ActionController::Base: Processing by SessionsController#new as HTML
  Rendered sessions/new.html.haml within layouts/with_header_with_footer (2.8ms)
  Rendered shared/_links.haml (1.9ms)
  Rendered layouts/_footer.html.haml (4.2ms)
  Rendered layouts/_header.html.haml (1.0ms)
  Rendered layouts/_open_graph.haml (1.6ms)
  Rendered layouts/application.html.haml (153.6ms)
  Rendered layouts/with_header.html.haml (157.4ms)
[2015-07-09T14:47:15] INFO  PID-2219 TID-70266470327760 ActionController::Base: Completed 200 OK in 174ms (Views: 170.4ms | ActiveRecord: 0.0ms)
[2015-07-09T14:49:02] DEBUG PID-2219 TID-70266411279880 Rails: 
[2015-07-09T14:49:02] DEBUG PID-2219 TID-70266411279880 Rails: 
[2015-07-09T14:49:02] INFO  PID-2219 TID-70266411279880 Rails: Started GET "/users/sign_in" for ::1 at 2015-07-09 14:49:02 +0100
[2015-07-09T14:49:03] INFO  PID-2219 TID-70266411279880 ActionController::Base: Processing by SessionsController#new as HTML
  Rendered sessions/new.html.haml within layouts/with_header_with_footer (4.3ms)
  Rendered shared/_links.haml (1.4ms)
  Rendered layouts/_footer.html.haml (3.3ms)
  Rendered layouts/_header.html.haml (1.2ms)
  Rendered layouts/_open_graph.haml (1.7ms)
  Rendered layouts/application.html.haml (176.0ms)
  Rendered layouts/with_header.html.haml (180.3ms)
[2015-07-09T14:49:03] INFO  PID-2219 TID-70266411279880 ActionController::Base: Completed 200 OK in 199ms (Views: 194.4ms | ActiveRecord: 0.0ms)
[2015-07-09T14:51:47] DEBUG PID-2219 TID-70266440094060 Rails: 
[2015-07-09T14:51:47] DEBUG PID-2219 TID-70266440094060 Rails: 
[2015-07-09T14:51:47] INFO  PID-2219 TID-70266440094060 Rails: Started GET "/users/sign_in" for ::1 at 2015-07-09 14:51:47 +0100
[2015-07-09T14:51:47] INFO  PID-2219 TID-70266440094060 ActionController::Base: Processing by SessionsController#new as HTML
  Rendered sessions/new.html.haml within layouts/with_header_with_footer (6.7ms)
  Rendered shared/_links.haml (4.6ms)
  Rendered layouts/_footer.html.haml (7.4ms)
  Rendered layouts/_header.html.haml (1.4ms)
  Rendered layouts/_open_graph.haml (4.8ms)
  Rendered layouts/application.html.haml (251.6ms)
  Rendered layouts/with_header.html.haml (257.1ms)
[2015-07-09T14:51:47] INFO  PID-2219 TID-70266440094060 ActionController::Base: Completed 200 OK in 287ms (Views: 282.3ms | ActiveRecord: 0.0ms)
[2015-07-09T14:54:00] DEBUG PID-2219 TID-70266465809640 Rails: 
[2015-07-09T14:54:00] DEBUG PID-2219 TID-70266465809640 Rails: 
[2015-07-09T14:54:00] INFO  PID-2219 TID-70266465809640 Rails: Started GET "/users/sign_in" for ::1 at 2015-07-09 14:54:00 +0100
[2015-07-09T14:54:00] INFO  PID-2219 TID-70266465809640 ActionController::Base: Processing by SessionsController#new as HTML
  Rendered sessions/new.html.haml within layouts/with_header_with_footer (3.1ms)
  Rendered shared/_links.haml (3.6ms)
  Rendered layouts/_footer.html.haml (5.1ms)
  Rendered layouts/_header.html.haml (4.0ms)
  Rendered layouts/_open_graph.haml (2.0ms)
  Rendered layouts/application.html.haml (235.7ms)
  Rendered layouts/with_header.html.haml (243.5ms)
[2015-07-09T14:54:01] INFO  PID-2219 TID-70266465809640 ActionController::Base: Completed 200 OK in 308ms (Views: 261.0ms | ActiveRecord: 15.0ms)
[2015-07-09T14:54:17] DEBUG PID-2219 TID-70266465745160 Rails: 
[2015-07-09T14:54:17] DEBUG PID-2219 TID-70266465745160 Rails: 
[2015-07-09T14:54:17] INFO  PID-2219 TID-70266465745160 Rails: Started GET "/users/sign_in" for ::1 at 2015-07-09 14:54:17 +0100
[2015-07-09T14:54:18] INFO  PID-2219 TID-70266465745160 ActionController::Base: Processing by SessionsController#new as HTML
  Rendered sessions/new.html.haml within layouts/with_header_with_footer (2.8ms)
  Rendered shared/_links.haml (2.0ms)
  Rendered layouts/_footer.html.haml (3.6ms)
  Rendered layouts/_header.html.haml (3.5ms)
  Rendered layouts/_open_graph.haml (1.8ms)
  Rendered layouts/application.html.haml (360.8ms)
  Rendered layouts/with_header.html.haml (368.1ms)
[2015-07-09T14:54:18] INFO  PID-2219 TID-70266465745160 ActionController::Base: Completed 200 OK in 414ms (Views: 381.6ms | ActiveRecord: 7.5ms)
[2015-07-09T14:54:30] DEBUG PID-2219 TID-70266465745160 Rails: 
[2015-07-09T14:54:30] DEBUG PID-2219 TID-70266465745160 Rails: 
[2015-07-09T14:54:30] INFO  PID-2219 TID-70266465745160 Rails: Started GET "/users/sign_in" for ::1 at 2015-07-09 14:54:30 +0100
[2015-07-09T14:54:30] INFO  PID-2219 TID-70266465745160 ActionController::Base: Processing by SessionsController#new as HTML
  Rendered sessions/new.html.haml within layouts/with_header_with_footer (2.9ms)
  Rendered shared/_links.haml (1.8ms)
  Rendered layouts/_footer.html.haml (3.9ms)
  Rendered layouts/_header.html.haml (1.3ms)
  Rendered layouts/_open_graph.haml (1.7ms)
  Rendered layouts/application.html.haml (152.4ms)
  Rendered layouts/with_header.html.haml (157.3ms)
[2015-07-09T14:54:30] INFO  PID-2219 TID-70266465745160 ActionController::Base: Completed 200 OK in 176ms (Views: 171.3ms | ActiveRecord: 0.0ms)
[2015-07-10T14:08:01] DEBUG PID-6477 TID-70108042024200 Rails: 
