[2015-07-15T18:12:25] DEBUG PID-68083 TID-70265528992260 Rails: 
[2015-07-15T18:12:25] INFO  PID-68083 TID-70265528992260 Rails: Started GET "/users/sign_up?type=business" for ::1 at 2015-07-15 18:12:25 +0100
[2015-07-15T18:12:25] INFO  PID-68083 TID-70265528992260 ActionController::Base: Processing by RegistrationsController#new as HTML
[2015-07-15T18:12:25] INFO  PID-68083 TID-70265528992260 ActionController::Base:   Parameters: {"type"=>"business"}
  Rendered simple_captcha/_simple_captcha.haml (0.6ms)
  Rendered registrations/_form.haml (157.9ms)
  Rendered registrations/new.haml within layouts/with_header (171.1ms)
  Rendered layouts/_header.html.haml (6.7ms)
  Rendered layouts/_open_graph.haml (35.1ms)
  Rendered layouts/application.html.haml (474.6ms)
[2015-07-15T18:12:26] INFO  PID-68083 TID-70265528992260 ActionController::Base: Completed 200 OK in 739ms (Views: 582.3ms | ActiveRecord: 87.3ms)
[2015-07-15T18:12:34] DEBUG PID-68083 TID-70265528945140 Rails: 
[2015-07-15T18:12:34] DEBUG PID-68083 TID-70265528945140 Rails: 
[2015-07-15T18:12:34] INFO  PID-68083 TID-70265528945140 Rails: Started GET "/simple_captcha?code=9d7be13a655216ef2bded505d51a1210d443e960&time=1436980346" for ::1 at 2015-07-15 18:12:34 +0100
[2015-08-17T20:22:09] DEBUG PID-1835 TID-80918220 Rails: 
[2015-08-17T20:22:09] DEBUG PID-1835 TID-80918220 Rails: 
[2015-08-17T20:22:09] INFO  PID-1835 TID-80918220 Rails: Started GET "/" for 127.0.0.1 at 2015-08-17 20:22:09 +0300
[2015-08-17T20:22:09] FATAL PID-1835 TID-80918220 Rails: 
Mysql2::Error (Access denied for user 'root'@'localhost' (using password: NO)):
  lib/rack/chrome_frame.rb:39:in `call'


  Rendered /home/smt/.rvm/gems/ruby-2.2.2/gems/actionpack-4.2.2/lib/action_dispatch/middleware/templates/rescues/_source.erb (6.3ms)
  Rendered /home/smt/.rvm/gems/ruby-2.2.2/gems/actionpack-4.2.2/lib/action_dispatch/middleware/templates/rescues/_trace.html.erb (3.2ms)
  Rendered /home/smt/.rvm/gems/ruby-2.2.2/gems/actionpack-4.2.2/lib/action_dispatch/middleware/templates/rescues/_request_and_response.html.erb (1.3ms)
  Rendered /home/smt/.rvm/gems/ruby-2.2.2/gems/actionpack-4.2.2/lib/action_dispatch/middleware/templates/rescues/diagnostics.html.erb within rescues/layout (43.2ms)
[2015-08-17T20:22:12] DEBUG PID-1835 TID-80918220 Rails: 
[2015-08-17T20:22:12] DEBUG PID-1835 TID-80918220 Rails: 
[2015-08-17T20:22:12] INFO  PID-1835 TID-80918220 Rails: Started GET "/" for 127.0.0.1 at 2015-08-17 20:22:12 +0300
[2015-08-17T20:22:12] FATAL PID-1835 TID-80918220 Rails: 
Mysql2::Error (Access denied for user 'root'@'localhost' (using password: NO)):
  lib/rack/chrome_frame.rb:39:in `call'


  Rendered /home/smt/.rvm/gems/ruby-2.2.2/gems/actionpack-4.2.2/lib/action_dispatch/middleware/templates/rescues/_source.erb (6.4ms)
  Rendered /home/smt/.rvm/gems/ruby-2.2.2/gems/actionpack-4.2.2/lib/action_dispatch/middleware/templates/rescues/_trace.html.erb (3.3ms)
  Rendered /home/smt/.rvm/gems/ruby-2.2.2/gems/actionpack-4.2.2/lib/action_dispatch/middleware/templates/rescues/_request_and_response.html.erb (1.4ms)
  Rendered /home/smt/.rvm/gems/ruby-2.2.2/gems/actionpack-4.2.2/lib/action_dispatch/middleware/templates/rescues/diagnostics.html.erb within rescues/layout (38.4ms)
[2015-08-17T20:23:26] DEBUG PID-1835 TID-70381340 Rails: 
[2015-08-17T20:23:26] DEBUG PID-1835 TID-70381340 Rails: 
[2015-08-17T20:23:26] INFO  PID-1835 TID-70381340 Rails: Started GET "/" for 127.0.0.1 at 2015-08-17 20:23:26 +0300
[2015-08-17T20:23:26] FATAL PID-1835 TID-70381340 Rails: 
Mysql2::Error (Access denied for user 'root'@'localhost' (using password: NO)):
  lib/rack/chrome_frame.rb:39:in `call'


  Rendered /home/smt/.rvm/gems/ruby-2.2.2/gems/actionpack-4.2.2/lib/action_dispatch/middleware/templates/rescues/_source.erb (6.3ms)
  Rendered /home/smt/.rvm/gems/ruby-2.2.2/gems/actionpack-4.2.2/lib/action_dispatch/middleware/templates/rescues/_trace.html.erb (3.9ms)
  Rendered /home/smt/.rvm/gems/ruby-2.2.2/gems/actionpack-4.2.2/lib/action_dispatch/middleware/templates/rescues/_request_and_response.html.erb (1.4ms)
  Rendered /home/smt/.rvm/gems/ruby-2.2.2/gems/actionpack-4.2.2/lib/action_dispatch/middleware/templates/rescues/diagnostics.html.erb within rescues/layout (38.7ms)
[2015-08-17T20:24:02] DEBUG PID-2242 TID-53733480 Rails: 
[2015-08-17T20:24:02] DEBUG PID-2242 TID-53733480 Rails: 
[2015-08-17T20:24:02] INFO  PID-2242 TID-53733480 Rails: Started GET "/" for 127.0.0.1 at 2015-08-17 20:24:02 +0300
[2015-08-17T20:24:02] FATAL PID-2242 TID-53733480 Rails: 
ActiveRecord::NoDatabaseError (Unknown database 'diaspora_development'):
  lib/rack/chrome_frame.rb:39:in `call'


  Rendered /home/smt/.rvm/gems/ruby-2.2.2/gems/actionpack-4.2.2/lib/action_dispatch/middleware/templates/rescues/_source.erb (6.5ms)
  Rendered /home/smt/.rvm/gems/ruby-2.2.2/gems/actionpack-4.2.2/lib/action_dispatch/middleware/templates/rescues/_trace.html.erb (3.6ms)
  Rendered /home/smt/.rvm/gems/ruby-2.2.2/gems/actionpack-4.2.2/lib/action_dispatch/middleware/templates/rescues/_request_and_response.html.erb (1.6ms)
  Rendered /home/smt/.rvm/gems/ruby-2.2.2/gems/actionpack-4.2.2/lib/action_dispatch/middleware/templates/rescues/diagnostics.html.erb within rescues/layout (43.8ms)
[2015-08-17T20:25:14] INFO  PID-2347 TID-13990280 ActiveRecord::Base: Migrating to CreateSchema (0)
[2015-08-17T20:25:16] INFO  PID-2347 TID-13990280 ActiveRecord::Base: Migrating to AddFacebookIdToPost (20130207231310)
[2015-08-17T20:25:16] INFO  PID-2347 TID-13990280 ActiveRecord::Base: Migrating to FixDefaultImageUrlFromProfile (20130404211624)
[2015-08-17T20:25:16] INFO  PID-2347 TID-13990280 ActiveRecord::Base: Migrating to AddTweetIdToPost (20130429073928)
[2015-08-17T20:25:16] INFO  PID-2347 TID-13990280 ActiveRecord::Base: Migrating to AddOpenGraphCache (20130608171134)
[2015-08-17T20:25:16] INFO  PID-2347 TID-13990280 ActiveRecord::Base: Migrating to RemoveLimitFromRootGuidInPosts (20130613203350)
[2015-08-17T20:25:16] INFO  PID-2347 TID-13990280 ActiveRecord::Base: Migrating to MigrateActivityStreamToStatusMessage (20130717104359)
[2015-08-17T20:25:16] INFO  PID-2347 TID-13990280 ActiveRecord::Base: Migrating to AddTumblrPostIdsToPosts (20130801063213)
[2015-08-17T20:25:16] INFO  PID-2347 TID-13990280 ActiveRecord::Base: Migrating to CreatePostReports (20131017093025)
[2015-08-17T20:25:16] WARN  PID-2347 TID-13990280 Rails: DEPRECATION WARNING: `#timestamp` was called without specifying an option for `null`. In Rails 5, this behavior will change to `null: false`. You should manually specify `null: true` to prevent the behavior of your existing migrations from changing. (called from block in change at /home/smt/diasp/detailbook/db/migrate/20131017093025_create_post_reports.rb:9)
[2015-08-17T20:25:16] INFO  PID-2347 TID-13990280 ActiveRecord::Base: Migrating to CreateSimpleCaptchaData (20131213171804)
[2015-08-17T20:25:16] WARN  PID-2347 TID-13990280 Rails: DEPRECATION WARNING: `#timestamp` was called without specifying an option for `null`. In Rails 5, this behavior will change to `null: false`. You should manually specify `null: true` to prevent the behavior of your existing migrations from changing. (called from block in up at /home/smt/diasp/detailbook/db/migrate/20131213171804_create_simple_captcha_data.rb:6)
[2015-08-17T20:25:16] INFO  PID-2347 TID-13990280 ActiveRecord::Base: Migrating to AddPostTypeToPostReport (20140121132816)
[2015-08-17T20:25:16] INFO  PID-2347 TID-13990280 ActiveRecord::Base: Migrating to RenamePostReportToReport (20140214104217)
[2015-08-17T20:25:16] INFO  PID-2347 TID-13990280 ActiveRecord::Base: Migrating to DeviseAddLastseenableUser (20140222162826)
[2015-08-17T20:25:16] INFO  PID-2347 TID-13990280 ActiveRecord::Base: Migrating to CreatePolls (20140308154022)
[2015-08-17T20:25:16] WARN  PID-2347 TID-13990280 Rails: DEPRECATION WARNING: `#timestamp` was called without specifying an option for `null`. In Rails 5, this behavior will change to `null: false`. You should manually specify `null: true` to prevent the behavior of your existing migrations from changing. (called from block in up at /home/smt/diasp/detailbook/db/migrate/20140308154022_create_polls.rb:8)
[2015-08-17T20:25:16] WARN  PID-2347 TID-13990280 Rails: DEPRECATION WARNING: `#timestamp` was called without specifying an option for `null`. In Rails 5, this behavior will change to `null: false`. You should manually specify `null: true` to prevent the behavior of your existing migrations from changing. (called from block in up at /home/smt/diasp/detailbook/db/migrate/20140308154022_create_polls.rb:28)
[2015-08-17T20:25:16] INFO  PID-2347 TID-13990280 ActiveRecord::Base: Migrating to RenamePostColumnsToItem (20140422134050)
[2015-08-17T20:25:16] INFO  PID-2347 TID-13990280 ActiveRecord::Base: Migrating to ChangeUserIdTypeToInteger (20140422134627)
[2015-08-17T20:25:16] INFO  PID-2347 TID-13990280 ActiveRecord::Base: Migrating to AddTaggingsCounterCacheToTags (20140601102543)
[2015-08-17T20:25:16] INFO  PID-2347 TID-13990280 ActiveRecord::Base: Migrating to CreateChatContacts (20140801101230)
[2015-08-17T20:25:16] INFO  PID-2347 TID-13990280 ActiveRecord::Base: Migrating to CreateChatFragments (20140801101352)
[2015-08-17T20:25:16] INFO  PID-2347 TID-13990280 ActiveRecord::Base: Migrating to AddCompletedAtToAccountDeletions (20140824230505)
[2015-08-17T20:25:16] INFO  PID-2347 TID-13990280 ActiveRecord::Base: Migrating to IncreaseSimpleCaptchaLimit (20140826165533)
[2015-08-17T20:25:16] INFO  PID-2347 TID-13990280 ActiveRecord::Base: Migrating to FixOpenGraphData (20140906192846)
[2015-08-17T20:25:16] INFO  PID-2347 TID-13990280 ActiveRecord::Base: Migrating to AddRemoveAfterToUsers (20141001162851)
[2015-08-17T20:25:16] INFO  PID-2347 TID-13990280 ActiveRecord::Base: Migrating to AddChatEnabledToAspects (20141007003922)
[2015-08-17T20:25:16] INFO  PID-2347 TID-13990280 ActiveRecord::Base: Migrating to CreateChatOfflineMessages (20141024170120)
[2015-08-17T20:25:16] INFO  PID-2347 TID-13990280 ActiveRecord::Base: Migrating to DropOpenGraphCachesWithInvalidUrls (20141209041241)
[2015-08-17T20:25:16] INFO  PID-2347 TID-13990280 ActiveRecord::Base: Migrating to PurgeOrphanConversations (20141216213423)
[2015-08-17T20:25:16] INFO  PID-2347 TID-13990280 ActiveRecord::Base: Migrating to AddExportToUser (20141227120907)
[2015-08-17T20:25:16] INFO  PID-2347 TID-13990280 ActiveRecord::Base: Migrating to UserPrefStripExif (20141230214830)
[2015-08-17T20:25:16] INFO  PID-2347 TID-13990280 ActiveRecord::Base: Migrating to SetMysqlToUnicodeMb4 (20150106050733)
[2015-08-17T20:25:17] INFO  PID-2347 TID-13990280 ActiveRecord::Base: Migrating to DisableMailForClosedAccount (20150209230946)
[2015-08-17T20:25:17] INFO  PID-2347 TID-13990280 ActiveRecord::Base: Migrating to AddPhotosExportToUser (20150220001357)
[2015-08-17T20:25:17] INFO  PID-2347 TID-13990280 ActiveRecord::Base: Migrating to RemoveDeletedAspectsFromAutoFollowBack (20150403192408)
[2015-08-17T20:25:17] INFO  PID-2347 TID-13990280 ActiveRecord::Base: Migrating to FixWrongOnlySharing (20150403212139)
[2015-08-17T20:25:17] INFO  PID-2347 TID-13990280 ActiveRecord::Base: Migrating to CleanupDefaultAvatars (20150531005120)
[2015-08-17T20:25:17] INFO  PID-2347 TID-13990280 ActiveRecord::Base: Migrating to FixPhotoPublicFlag (20150607143809)
[2015-08-17T20:25:52] DEBUG PID-2382 TID-43030240 Rails: 
[2015-08-17T20:25:52] DEBUG PID-2382 TID-43030240 Rails: 
[2015-08-17T20:25:52] INFO  PID-2382 TID-43030240 Rails: Started GET "/" for 127.0.0.1 at 2015-08-17 20:25:52 +0300
[2015-08-17T20:25:52] INFO  PID-2382 TID-43030240 ActionController::Base: Processing by HomeController#show as HTML
  Rendered home/default.haml within layouts/application (76.8ms)
  Rendered layouts/_open_graph.haml (7.6ms)
[2015-08-17T20:26:02] WARN  PID-2382 TID-43030240 Rails: DEPRECATION WARNING: Extra .css in SCSS file is unnecessary. Rename /home/smt/.rvm/gems/ruby-2.2.2/gems/entypo-rails-2.2.3/app/assets/stylesheets/entypo-fonts.css.scss to /home/smt/.rvm/gems/ruby-2.2.2/gems/entypo-rails-2.2.3/app/assets/stylesheets/entypo-fonts.scss. (called from _app_views_layouts_application_html_haml___4314366201410945771_66113800 at /home/smt/diasp/detailbook/app/views/layouts/application.html.haml:25)
[2015-08-17T20:26:05] WARN  PID-2382 TID-43030240 Rails: DEPRECATION WARNING: Extra .css in SCSS file is unnecessary. Rename /home/smt/.rvm/gems/ruby-2.2.2/gems/entypo-rails-2.2.3/app/assets/stylesheets/entypo-fonts.css.scss to /home/smt/.rvm/gems/ruby-2.2.2/gems/entypo-rails-2.2.3/app/assets/stylesheets/entypo-fonts.scss. (called from _app_views_layouts_application_html_haml___4314366201410945771_66113800 at /home/smt/diasp/detailbook/app/views/layouts/application.html.haml:25)
[2015-08-17T20:26:17] INFO  PID-2382 TID-43030240 ActionController::Base: Completed 200 OK in 25237ms (Views: 25188.2ms | ActiveRecord: 0.0ms)
[2015-08-17T20:29:03] DEBUG PID-2604 TID-53209240 Rails: 
[2015-08-17T20:29:03] DEBUG PID-2604 TID-53209240 Rails: 
[2015-08-17T20:29:03] INFO  PID-2604 TID-53209240 Rails: Started GET "/" for 127.0.0.1 at 2015-08-17 20:29:03 +0300
[2015-08-17T20:29:03] INFO  PID-2604 TID-53209240 ActionController::Base: Processing by HomeController#show as HTML
  Rendered home/default.haml within layouts/application (62.5ms)
  Rendered layouts/_open_graph.haml (7.0ms)
[2015-08-17T20:29:05] INFO  PID-2604 TID-53209240 ActionController::Base: Completed 200 OK in 1882ms (Views: 1849.0ms | ActiveRecord: 0.0ms)
[2015-08-17T20:32:44] DEBUG PID-2888 TID-55162280 Rails: 
[2015-08-17T20:32:44] DEBUG PID-2888 TID-55162280 Rails: 
[2015-08-17T20:32:44] INFO  PID-2888 TID-55162280 Rails: Started GET "/" for 127.0.0.1 at 2015-08-17 20:32:44 +0300
[2015-08-17T20:32:44] INFO  PID-2888 TID-55162280 ActionController::Base: Processing by HomeController#show as HTML
  Rendered home/default.haml within layouts/application (62.5ms)
  Rendered layouts/_open_graph.haml (8.2ms)
[2015-08-17T20:32:46] INFO  PID-2888 TID-55162280 ActionController::Base: Completed 200 OK in 1849ms (Views: 1813.8ms | ActiveRecord: 0.0ms)
[2015-08-17T20:33:36] DEBUG PID-2888 TID-78458920 Rails: 
[2015-08-17T20:33:36] DEBUG PID-2888 TID-78458920 Rails: 
[2015-08-17T20:33:36] INFO  PID-2888 TID-78458920 Rails: Started GET "/" for 127.0.0.1 at 2015-08-17 20:33:36 +0300
[2015-08-17T20:33:36] INFO  PID-2888 TID-78458920 ActionController::Base: Processing by HomeController#show as HTML
  Rendered home/default.haml within layouts/application (14.1ms)
  Rendered layouts/_open_graph.haml (3.4ms)
[2015-08-17T20:33:36] INFO  PID-2888 TID-78458920 ActionController::Base: Completed 200 OK in 185ms (Views: 179.3ms | ActiveRecord: 0.0ms)
[2015-08-17T20:33:59] DEBUG PID-2888 TID-78458920 Rails: 
[2015-08-17T20:33:59] DEBUG PID-2888 TID-78458920 Rails: 
[2015-08-17T20:33:59] INFO  PID-2888 TID-78458920 Rails: Started GET "/" for 127.0.0.1 at 2015-08-17 20:33:59 +0300
[2015-08-17T20:33:59] INFO  PID-2888 TID-78458920 ActionController::Base: Processing by HomeController#show as HTML
  Rendered home/default.haml within layouts/application (15.2ms)
  Rendered layouts/_open_graph.haml (3.1ms)
[2015-08-17T20:34:00] INFO  PID-2888 TID-78458920 ActionController::Base: Completed 200 OK in 187ms (Views: 181.1ms | ActiveRecord: 0.0ms)
[2015-08-17T20:34:48] DEBUG PID-2888 TID-85974640 Rails: 
[2015-08-17T20:34:48] DEBUG PID-2888 TID-85974640 Rails: 
[2015-08-17T20:34:48] INFO  PID-2888 TID-85974640 Rails: Started GET "/" for 127.0.0.1 at 2015-08-17 20:34:48 +0300
[2015-08-17T20:34:48] INFO  PID-2888 TID-85974640 ActionController::Base: Processing by HomeController#show as HTML
  Rendered home/default.haml within layouts/application (14.2ms)
  Rendered layouts/_open_graph.haml (3.1ms)
[2015-08-17T20:34:49] INFO  PID-2888 TID-85974640 ActionController::Base: Completed 200 OK in 188ms (Views: 182.2ms | ActiveRecord: 0.0ms)
[2015-08-17T20:35:04] DEBUG PID-2888 TID-85970100 Rails: 
[2015-08-17T20:35:04] DEBUG PID-2888 TID-85970100 Rails: 
[2015-08-17T20:35:04] INFO  PID-2888 TID-85970100 Rails: Started GET "/login" for 127.0.0.1 at 2015-08-17 20:35:04 +0300
[2015-08-17T20:35:04] DEBUG PID-2888 TID-85970100 Rails: 
[2015-08-17T20:35:04] DEBUG PID-2888 TID-85970100 Rails: 
[2015-08-17T20:35:04] INFO  PID-2888 TID-85970100 Rails: Started GET "/users/sign_in" for 127.0.0.1 at 2015-08-17 20:35:04 +0300
[2015-08-17T20:35:04] INFO  PID-2888 TID-85970100 ActionController::Base: Processing by SessionsController#new as HTML
  Rendered sessions/new.html.haml within layouts/with_header_with_footer (25.2ms)
  Rendered shared/_links.haml (5.3ms)
  Rendered layouts/_footer.html.haml (7.9ms)
  Rendered layouts/_header.html.haml (9.7ms)
  Rendered layouts/_open_graph.haml (3.2ms)
  Rendered layouts/application.html.haml (161.7ms)
  Rendered layouts/with_header.html.haml (174.9ms)
[2015-08-17T20:35:04] INFO  PID-2888 TID-85970100 ActionController::Base: Completed 200 OK in 277ms (Views: 214.9ms | ActiveRecord: 5.5ms)
[2015-08-17T21:08:43] DEBUG PID-3757 TID-45853840 Rails: 
[2015-08-17T21:08:43] DEBUG PID-3757 TID-45853840 Rails: 
[2015-08-17T21:08:43] INFO  PID-3757 TID-45853840 Rails: Started GET "/" for 127.0.0.1 at 2015-08-17 21:08:43 +0300
[2015-08-17T21:08:44] INFO  PID-3757 TID-45853840 ActionController::Base: Processing by HomeController#show as HTML
  Rendered home/default.haml within layouts/application (68.7ms)
  Rendered layouts/_open_graph.haml (8.3ms)
[2015-08-17T21:08:46] INFO  PID-3757 TID-45853840 ActionController::Base: Completed 200 OK in 1892ms (Views: 1855.1ms | ActiveRecord: 0.0ms)
[2015-08-17T21:46:23] DEBUG PID-28111 TID-77519480 Rails: 
[2015-08-17T21:46:23] DEBUG PID-28111 TID-77519480 Rails: 
[2015-08-17T21:46:23] INFO  PID-28111 TID-77519480 Rails: Started GET "/" for 127.0.0.1 at 2015-08-17 21:46:23 +0300
[2015-08-17T21:46:23] FATAL PID-28111 TID-77519480 Rails: 
Mysql2::Error (Access denied for user 'smt2803'@'localhost' (using password: YES)):
  lib/rack/chrome_frame.rb:39:in `call'


  Rendered /home/nikolay/.rvm/gems/ruby-2.2.2@detailbook/gems/actionpack-4.2.2/lib/action_dispatch/middleware/templates/rescues/_source.erb (2.4ms)
  Rendered /home/nikolay/.rvm/gems/ruby-2.2.2@detailbook/gems/actionpack-4.2.2/lib/action_dispatch/middleware/templates/rescues/_trace.html.erb (1.2ms)
  Rendered /home/nikolay/.rvm/gems/ruby-2.2.2@detailbook/gems/actionpack-4.2.2/lib/action_dispatch/middleware/templates/rescues/_request_and_response.html.erb (0.7ms)
  Rendered /home/nikolay/.rvm/gems/ruby-2.2.2@detailbook/gems/actionpack-4.2.2/lib/action_dispatch/middleware/templates/rescues/diagnostics.html.erb within rescues/layout (21.1ms)
[2015-08-17T21:46:54] DEBUG PID-28202 TID-83811060 Rails: 
[2015-08-17T21:46:54] DEBUG PID-28202 TID-83811060 Rails: 
[2015-08-17T21:46:54] INFO  PID-28202 TID-83811060 Rails: Started GET "/" for 127.0.0.1 at 2015-08-17 21:46:54 +0300
[2015-08-17T21:46:54] FATAL PID-28202 TID-83811060 Rails: 
Mysql2::Error (Access denied for user 'root'@'localhost' (using password: NO)):
  lib/rack/chrome_frame.rb:39:in `call'


  Rendered /home/nikolay/.rvm/gems/ruby-2.2.2@detailbook/gems/actionpack-4.2.2/lib/action_dispatch/middleware/templates/rescues/_source.erb (2.7ms)
  Rendered /home/nikolay/.rvm/gems/ruby-2.2.2@detailbook/gems/actionpack-4.2.2/lib/action_dispatch/middleware/templates/rescues/_trace.html.erb (1.2ms)
  Rendered /home/nikolay/.rvm/gems/ruby-2.2.2@detailbook/gems/actionpack-4.2.2/lib/action_dispatch/middleware/templates/rescues/_request_and_response.html.erb (0.6ms)
  Rendered /home/nikolay/.rvm/gems/ruby-2.2.2@detailbook/gems/actionpack-4.2.2/lib/action_dispatch/middleware/templates/rescues/diagnostics.html.erb within rescues/layout (20.4ms)
[2015-08-17T21:49:22] INFO  PID-28379 TID-17021320 ActiveRecord::Base: Migrating to CreateSchema (0)
[2015-08-17T21:49:26] INFO  PID-28379 TID-17021320 ActiveRecord::Base: Migrating to AddFacebookIdToPost (20130207231310)
[2015-08-17T21:49:26] INFO  PID-28379 TID-17021320 ActiveRecord::Base: Migrating to FixDefaultImageUrlFromProfile (20130404211624)
[2015-08-17T21:49:26] INFO  PID-28379 TID-17021320 ActiveRecord::Base: Migrating to AddTweetIdToPost (20130429073928)
[2015-08-17T21:49:26] INFO  PID-28379 TID-17021320 ActiveRecord::Base: Migrating to AddOpenGraphCache (20130608171134)
[2015-08-17T21:49:26] INFO  PID-28379 TID-17021320 ActiveRecord::Base: Migrating to RemoveLimitFromRootGuidInPosts (20130613203350)
[2015-08-17T21:49:26] INFO  PID-28379 TID-17021320 ActiveRecord::Base: Migrating to MigrateActivityStreamToStatusMessage (20130717104359)
[2015-08-17T21:49:26] INFO  PID-28379 TID-17021320 ActiveRecord::Base: Migrating to AddTumblrPostIdsToPosts (20130801063213)
[2015-08-17T21:49:26] INFO  PID-28379 TID-17021320 ActiveRecord::Base: Migrating to CreatePostReports (20131017093025)
[2015-08-17T21:49:26] WARN  PID-28379 TID-17021320 Rails: DEPRECATION WARNING: `#timestamp` was called without specifying an option for `null`. In Rails 5, this behavior will change to `null: false`. You should manually specify `null: true` to prevent the behavior of your existing migrations from changing. (called from block in change at /home/nikolay/projects/detailbook/db/migrate/20131017093025_create_post_reports.rb:9)
[2015-08-17T21:49:26] INFO  PID-28379 TID-17021320 ActiveRecord::Base: Migrating to CreateSimpleCaptchaData (20131213171804)
[2015-08-17T21:49:26] WARN  PID-28379 TID-17021320 Rails: DEPRECATION WARNING: `#timestamp` was called without specifying an option for `null`. In Rails 5, this behavior will change to `null: false`. You should manually specify `null: true` to prevent the behavior of your existing migrations from changing. (called from block in up at /home/nikolay/projects/detailbook/db/migrate/20131213171804_create_simple_captcha_data.rb:6)
[2015-08-17T21:49:26] INFO  PID-28379 TID-17021320 ActiveRecord::Base: Migrating to AddPostTypeToPostReport (20140121132816)
[2015-08-17T21:49:26] INFO  PID-28379 TID-17021320 ActiveRecord::Base: Migrating to RenamePostReportToReport (20140214104217)
[2015-08-17T21:49:26] INFO  PID-28379 TID-17021320 ActiveRecord::Base: Migrating to DeviseAddLastseenableUser (20140222162826)
[2015-08-17T21:49:27] INFO  PID-28379 TID-17021320 ActiveRecord::Base: Migrating to CreatePolls (20140308154022)
[2015-08-17T21:49:27] WARN  PID-28379 TID-17021320 Rails: DEPRECATION WARNING: `#timestamp` was called without specifying an option for `null`. In Rails 5, this behavior will change to `null: false`. You should manually specify `null: true` to prevent the behavior of your existing migrations from changing. (called from block in up at /home/nikolay/projects/detailbook/db/migrate/20140308154022_create_polls.rb:8)
[2015-08-17T21:49:27] WARN  PID-28379 TID-17021320 Rails: DEPRECATION WARNING: `#timestamp` was called without specifying an option for `null`. In Rails 5, this behavior will change to `null: false`. You should manually specify `null: true` to prevent the behavior of your existing migrations from changing. (called from block in up at /home/nikolay/projects/detailbook/db/migrate/20140308154022_create_polls.rb:28)
[2015-08-17T21:49:27] INFO  PID-28379 TID-17021320 ActiveRecord::Base: Migrating to RenamePostColumnsToItem (20140422134050)
[2015-08-17T21:49:27] INFO  PID-28379 TID-17021320 ActiveRecord::Base: Migrating to ChangeUserIdTypeToInteger (20140422134627)
[2015-08-17T21:49:27] INFO  PID-28379 TID-17021320 ActiveRecord::Base: Migrating to AddTaggingsCounterCacheToTags (20140601102543)
[2015-08-17T21:49:27] INFO  PID-28379 TID-17021320 ActiveRecord::Base: Migrating to CreateChatContacts (20140801101230)
[2015-08-17T21:49:27] INFO  PID-28379 TID-17021320 ActiveRecord::Base: Migrating to CreateChatFragments (20140801101352)
[2015-08-17T21:49:27] INFO  PID-28379 TID-17021320 ActiveRecord::Base: Migrating to AddCompletedAtToAccountDeletions (20140824230505)
[2015-08-17T21:49:27] INFO  PID-28379 TID-17021320 ActiveRecord::Base: Migrating to IncreaseSimpleCaptchaLimit (20140826165533)
[2015-08-17T21:49:27] INFO  PID-28379 TID-17021320 ActiveRecord::Base: Migrating to FixOpenGraphData (20140906192846)
[2015-08-17T21:49:27] INFO  PID-28379 TID-17021320 ActiveRecord::Base: Migrating to AddRemoveAfterToUsers (20141001162851)
[2015-08-17T21:49:27] INFO  PID-28379 TID-17021320 ActiveRecord::Base: Migrating to AddChatEnabledToAspects (20141007003922)
[2015-08-17T21:49:27] INFO  PID-28379 TID-17021320 ActiveRecord::Base: Migrating to CreateChatOfflineMessages (20141024170120)
[2015-08-17T21:49:27] INFO  PID-28379 TID-17021320 ActiveRecord::Base: Migrating to DropOpenGraphCachesWithInvalidUrls (20141209041241)
[2015-08-17T21:49:27] INFO  PID-28379 TID-17021320 ActiveRecord::Base: Migrating to PurgeOrphanConversations (20141216213423)
[2015-08-17T21:49:27] INFO  PID-28379 TID-17021320 ActiveRecord::Base: Migrating to AddExportToUser (20141227120907)
[2015-08-17T21:49:28] INFO  PID-28379 TID-17021320 ActiveRecord::Base: Migrating to UserPrefStripExif (20141230214830)
[2015-08-17T21:49:28] INFO  PID-28379 TID-17021320 ActiveRecord::Base: Migrating to SetMysqlToUnicodeMb4 (20150106050733)
[2015-08-17T21:49:29] INFO  PID-28379 TID-17021320 ActiveRecord::Base: Migrating to DisableMailForClosedAccount (20150209230946)
[2015-08-17T21:49:29] INFO  PID-28379 TID-17021320 ActiveRecord::Base: Migrating to AddPhotosExportToUser (20150220001357)
[2015-08-17T21:49:29] INFO  PID-28379 TID-17021320 ActiveRecord::Base: Migrating to RemoveDeletedAspectsFromAutoFollowBack (20150403192408)
[2015-08-17T21:49:29] INFO  PID-28379 TID-17021320 ActiveRecord::Base: Migrating to FixWrongOnlySharing (20150403212139)
[2015-08-17T21:49:29] INFO  PID-28379 TID-17021320 ActiveRecord::Base: Migrating to CleanupDefaultAvatars (20150531005120)
[2015-08-17T21:49:29] INFO  PID-28379 TID-17021320 ActiveRecord::Base: Migrating to FixPhotoPublicFlag (20150607143809)
[2015-08-17T21:50:00] DEBUG PID-28479 TID-83775360 Rails: 
[2015-08-17T21:50:00] DEBUG PID-28479 TID-83775360 Rails: 
[2015-08-17T21:50:00] INFO  PID-28479 TID-83775360 Rails: Started GET "/" for 127.0.0.1 at 2015-08-17 21:50:00 +0300
[2015-08-17T21:50:00] INFO  PID-28479 TID-83775360 ActionController::Base: Processing by HomeController#show as HTML
  Rendered home/default.haml within layouts/application (29.6ms)
  Rendered layouts/_open_graph.haml (3.1ms)
[2015-08-17T21:50:04] WARN  PID-28479 TID-83775360 Rails: DEPRECATION WARNING: Extra .css in SCSS file is unnecessary. Rename /home/nikolay/.rvm/gems/ruby-2.2.2@detailbook/gems/entypo-rails-2.2.3/app/assets/stylesheets/entypo-fonts.css.scss to /home/nikolay/.rvm/gems/ruby-2.2.2@detailbook/gems/entypo-rails-2.2.3/app/assets/stylesheets/entypo-fonts.scss. (called from _app_views_layouts_application_html_haml___1124432275156788608_77528780 at /home/nikolay/projects/detailbook/app/views/layouts/application.html.haml:25)
[2015-08-17T21:50:05] WARN  PID-28479 TID-83775360 Rails: DEPRECATION WARNING: Extra .css in SCSS file is unnecessary. Rename /home/nikolay/.rvm/gems/ruby-2.2.2@detailbook/gems/entypo-rails-2.2.3/app/assets/stylesheets/entypo-fonts.css.scss to /home/nikolay/.rvm/gems/ruby-2.2.2@detailbook/gems/entypo-rails-2.2.3/app/assets/stylesheets/entypo-fonts.scss. (called from _app_views_layouts_application_html_haml___1124432275156788608_77528780 at /home/nikolay/projects/detailbook/app/views/layouts/application.html.haml:25)
[2015-08-17T21:50:10] INFO  PID-28479 TID-83775360 ActionController::Base: Completed 200 OK in 9900ms (Views: 9886.6ms | ActiveRecord: 0.0ms)
[2015-08-17T21:51:01] DEBUG PID-28479 TID-54821240 Rails: 
[2015-08-17T21:51:01] DEBUG PID-28479 TID-54821240 Rails: 
[2015-08-17T21:51:01] INFO  PID-28479 TID-54821240 Rails: Started GET "/" for 127.0.0.1 at 2015-08-17 21:51:01 +0300
[2015-08-17T21:51:01] INFO  PID-28479 TID-54821240 ActionController::Base: Processing by HomeController#show as HTML
  Rendered home/default.haml within layouts/application (6.1ms)
  Rendered layouts/_open_graph.haml (2.0ms)
[2015-08-17T21:51:01] INFO  PID-28479 TID-54821240 ActionController::Base: Completed 200 OK in 88ms (Views: 85.2ms | ActiveRecord: 0.0ms)
[2015-08-17T21:51:05] DEBUG PID-28479 TID-69887032955800 Rails: 
[2015-08-17T21:51:05] DEBUG PID-28479 TID-69887032955800 Rails: 
[2015-08-17T21:51:05] INFO  PID-28479 TID-69887032955800 Rails: Started GET "/users/sign_up?type=student" for 127.0.0.1 at 2015-08-17 21:51:05 +0300
[2015-08-17T21:51:05] INFO  PID-28479 TID-69887032955800 ActionController::Base: Processing by RegistrationsController#new as HTML
[2015-08-17T21:51:05] INFO  PID-28479 TID-69887032955800 ActionController::Base:   Parameters: {"type"=>"student"}
  Rendered simple_captcha/_simple_captcha.haml (1.0ms)
  Rendered registrations/_form.haml (37.5ms)
  Rendered registrations/new.haml within layouts/with_header (39.4ms)
  Rendered layouts/_header.html.haml (3.7ms)
  Rendered layouts/_open_graph.haml (1.3ms)
  Rendered layouts/application.html.haml (63.6ms)
[2015-08-17T21:51:05] INFO  PID-28479 TID-69887032955800 ActionController::Base: Completed 200 OK in 135ms (Views: 100.1ms | ActiveRecord: 13.0ms)
[2015-08-17T21:51:07] DEBUG PID-28479 TID-69887032957440 Rails: 
[2015-08-17T21:51:07] DEBUG PID-28479 TID-69887032957440 Rails: 
[2015-08-17T21:51:07] INFO  PID-28479 TID-69887032957440 Rails: Started GET "/simple_captcha?code=8b1b07f1bfa780d3658b86e9f6b2e73ce8417640&time=1439837465" for 127.0.0.1 at 2015-08-17 21:51:07 +0300
[2015-08-17T21:51:18] DEBUG PID-28479 TID-69887032956540 Rails: 
[2015-08-17T21:51:18] DEBUG PID-28479 TID-69887032956540 Rails: 
[2015-08-17T21:51:18] INFO  PID-28479 TID-69887032956540 Rails: Started GET "/" for 127.0.0.1 at 2015-08-17 21:51:18 +0300
[2015-08-17T21:51:18] INFO  PID-28479 TID-69887032956540 ActionController::Base: Processing by HomeController#show as HTML
  Rendered home/default.haml within layouts/application (4.6ms)
  Rendered layouts/_open_graph.haml (1.2ms)
[2015-08-17T21:51:18] INFO  PID-28479 TID-69887032956540 ActionController::Base: Completed 200 OK in 76ms (Views: 73.2ms | ActiveRecord: 0.0ms)
[2015-08-17T21:51:26] DEBUG PID-28479 TID-69887032954800 Rails: 
[2015-08-17T21:51:26] DEBUG PID-28479 TID-69887032954800 Rails: 
[2015-08-17T21:51:26] INFO  PID-28479 TID-69887032954800 Rails: Started GET "/users/sign_up?type=business" for 127.0.0.1 at 2015-08-17 21:51:26 +0300
[2015-08-17T21:51:26] INFO  PID-28479 TID-69887032954800 ActionController::Base: Processing by RegistrationsController#new as HTML
[2015-08-17T21:51:26] INFO  PID-28479 TID-69887032954800 ActionController::Base:   Parameters: {"type"=>"business"}
  Rendered simple_captcha/_simple_captcha.haml (0.1ms)
  Rendered registrations/_form.haml (20.2ms)
  Rendered registrations/new.haml within layouts/with_header (21.2ms)
  Rendered layouts/_header.html.haml (0.7ms)
  Rendered layouts/_open_graph.haml (1.1ms)
  Rendered layouts/application.html.haml (63.7ms)
[2015-08-17T21:51:26] INFO  PID-28479 TID-69887032954800 ActionController::Base: Completed 200 OK in 91ms (Views: 72.9ms | ActiveRecord: 14.9ms)
[2015-08-17T21:51:27] DEBUG PID-28479 TID-54821240 Rails: 
[2015-08-17T21:51:27] DEBUG PID-28479 TID-54821240 Rails: 
[2015-08-17T21:51:27] INFO  PID-28479 TID-54821240 Rails: Started GET "/simple_captcha?code=7d9a36b4feac48fd72ca2fda11193ed5673d0a5c&time=1439837486" for 127.0.0.1 at 2015-08-17 21:51:27 +0300
[2015-08-17T21:51:35] DEBUG PID-28479 TID-69887032956540 Rails: 
[2015-08-17T21:51:35] DEBUG PID-28479 TID-69887032956540 Rails: 
[2015-08-17T21:51:35] INFO  PID-28479 TID-69887032956540 Rails: Started GET "/users/sign_up?type=student" for 127.0.0.1 at 2015-08-17 21:51:35 +0300
[2015-08-17T21:51:35] INFO  PID-28479 TID-69887032956540 ActionController::Base: Processing by RegistrationsController#new as HTML
[2015-08-17T21:51:35] INFO  PID-28479 TID-69887032956540 ActionController::Base:   Parameters: {"type"=>"student"}
  Rendered simple_captcha/_simple_captcha.haml (0.1ms)
  Rendered registrations/_form.haml (15.2ms)
  Rendered registrations/new.haml within layouts/with_header (16.5ms)
  Rendered layouts/_header.html.haml (1.1ms)
  Rendered layouts/_open_graph.haml (2.7ms)
  Rendered layouts/application.html.haml (77.6ms)
[2015-08-17T21:51:35] INFO  PID-28479 TID-69887032956540 ActionController::Base: Completed 200 OK in 104ms (Views: 91.4ms | ActiveRecord: 7.8ms)
[2015-08-17T21:51:36] DEBUG PID-28479 TID-69887032954800 Rails: 
[2015-08-17T21:51:36] DEBUG PID-28479 TID-69887032954800 Rails: 
[2015-08-17T21:51:36] INFO  PID-28479 TID-69887032954800 Rails: Started GET "/simple_captcha?code=5ada2d33f71620c182dc7e5d0d4e15e2c020d78f&time=1439837495" for 127.0.0.1 at 2015-08-17 21:51:36 +0300
[2015-08-17T21:51:44] DEBUG PID-28479 TID-69887032954800 Rails: 
[2015-08-17T21:51:44] DEBUG PID-28479 TID-69887032954800 Rails: 
[2015-08-17T21:51:44] INFO  PID-28479 TID-69887032954800 Rails: Started GET "/login" for 127.0.0.1 at 2015-08-17 21:51:44 +0300
[2015-08-17T21:51:44] DEBUG PID-28479 TID-69887032954800 Rails: 
[2015-08-17T21:51:44] DEBUG PID-28479 TID-69887032954800 Rails: 
[2015-08-17T21:51:44] INFO  PID-28479 TID-69887032954800 Rails: Started GET "/users/sign_in" for 127.0.0.1 at 2015-08-17 21:51:44 +0300
[2015-08-17T21:51:44] INFO  PID-28479 TID-69887032954800 ActionController::Base: Processing by SessionsController#new as HTML
  Rendered sessions/new.html.haml within layouts/with_header_with_footer (4.5ms)
  Rendered shared/_links.haml (2.0ms)
  Rendered layouts/_footer.html.haml (3.1ms)
  Rendered layouts/_header.html.haml (0.8ms)
  Rendered layouts/_open_graph.haml (1.4ms)
  Rendered layouts/application.html.haml (66.8ms)
  Rendered layouts/with_header.html.haml (68.7ms)
[2015-08-17T21:51:44] INFO  PID-28479 TID-69887032954800 ActionController::Base: Completed 200 OK in 83ms (Views: 79.3ms | ActiveRecord: 0.0ms)
[2015-08-17T21:51:50] DEBUG PID-28479 TID-69887032956940 Rails: 
[2015-08-17T21:51:50] DEBUG PID-28479 TID-69887032956940 Rails: 
[2015-08-17T21:51:50] INFO  PID-28479 TID-69887032956940 Rails: Started GET "/" for 127.0.0.1 at 2015-08-17 21:51:50 +0300
[2015-08-17T21:51:50] INFO  PID-28479 TID-69887032956940 ActionController::Base: Processing by HomeController#show as HTML
  Rendered home/default.haml within layouts/application (4.7ms)
  Rendered layouts/_open_graph.haml (1.1ms)
[2015-08-17T21:51:50] INFO  PID-28479 TID-69887032956940 ActionController::Base: Completed 200 OK in 77ms (Views: 74.0ms | ActiveRecord: 0.0ms)
[2015-08-17T21:52:16] DEBUG PID-28479 TID-69887032954800 Rails: 
[2015-08-17T21:52:16] DEBUG PID-28479 TID-69887032954800 Rails: 
[2015-08-17T21:52:16] INFO  PID-28479 TID-69887032954800 Rails: Started GET "/users/sign_up?type=university" for 127.0.0.1 at 2015-08-17 21:52:16 +0300
[2015-08-17T21:52:16] INFO  PID-28479 TID-69887032954800 ActionController::Base: Processing by RegistrationsController#new as HTML
[2015-08-17T21:52:16] INFO  PID-28479 TID-69887032954800 ActionController::Base:   Parameters: {"type"=>"university"}
  Rendered simple_captcha/_simple_captcha.haml (0.1ms)
  Rendered registrations/_form.haml (28.3ms)
  Rendered registrations/new.haml within layouts/with_header (30.7ms)
  Rendered layouts/_header.html.haml (1.0ms)
  Rendered layouts/_open_graph.haml (1.5ms)
  Rendered layouts/application.html.haml (65.1ms)
[2015-08-17T21:52:16] INFO  PID-28479 TID-69887032954800 ActionController::Base: Completed 200 OK in 107ms (Views: 81.5ms | ActiveRecord: 19.0ms)
[2015-08-17T21:52:18] DEBUG PID-28479 TID-54821240 Rails: 
[2015-08-17T21:52:18] DEBUG PID-28479 TID-54821240 Rails: 
[2015-08-17T21:52:18] INFO  PID-28479 TID-54821240 Rails: Started GET "/simple_captcha?code=cdeda843e0ba03c1150eb7d40c64a7a7f2d04e22&time=1439837536" for 127.0.0.1 at 2015-08-17 21:52:18 +0300
[2015-08-17T21:52:49] DEBUG PID-28479 TID-66559040 Rails: 
[2015-08-17T21:52:49] DEBUG PID-28479 TID-66559040 Rails: 
[2015-08-17T21:52:49] INFO  PID-28479 TID-66559040 Rails: Started GET "/" for 127.0.0.1 at 2015-08-17 21:52:49 +0300
[2015-08-17T21:52:49] INFO  PID-28479 TID-66559040 ActionController::Base: Processing by HomeController#show as HTML
  Rendered home/default.haml within layouts/application (5.2ms)
  Rendered layouts/_open_graph.haml (3.3ms)
[2015-08-17T21:52:49] INFO  PID-28479 TID-66559040 ActionController::Base: Completed 200 OK in 77ms (Views: 74.0ms | ActiveRecord: 0.0ms)
