[2015-07-10T14:08:01] DEBUG PID-6477 TID-70108042024200 Rails: 
[2015-07-10T14:08:01] INFO  PID-6477 TID-70108042024200 Rails: Started GET "/" for ::1 at 2015-07-10 14:08:01 +0100
[2015-07-10T14:08:01] INFO  PID-6477 TID-70108042024200 ActionController::Base: Processing by HomeController#show as HTML
  Rendered home/default.haml within layouts/application (56.8ms)
  Rendered layouts/_open_graph.haml (4.5ms)
[2015-07-10T14:08:04] INFO  PID-6477 TID-70108042024200 ActionController::Base: Completed 200 OK in 2660ms (Views: 2628.6ms | ActiveRecord: 0.0ms)
[2015-07-10T14:21:06] DEBUG PID-6477 TID-70108055855680 Rails: 
[2015-07-10T14:21:06] DEBUG PID-6477 TID-70108055855680 Rails: 
[2015-07-10T14:21:06] INFO  PID-6477 TID-70108055855680 Rails: Started GET "/login" for ::1 at 2015-07-10 14:21:06 +0100
[2015-07-10T14:21:06] DEBUG PID-6477 TID-70108055855680 Rails: 
[2015-07-10T14:21:06] DEBUG PID-6477 TID-70108055855680 Rails: 
[2015-07-10T14:21:06] INFO  PID-6477 TID-70108055855680 Rails: Started GET "/users/sign_in" for ::1 at 2015-07-10 14:21:06 +0100
[2015-07-10T14:21:06] INFO  PID-6477 TID-70108055855680 ActionController::Base: Processing by SessionsController#new as HTML
  Rendered sessions/new.html.haml within layouts/with_header_with_footer (77.1ms)
  Rendered shared/_links.haml (7.0ms)
  Rendered layouts/_footer.html.haml (9.6ms)
  Rendered layouts/_header.html.haml (17.4ms)
  Rendered layouts/_open_graph.haml (4.9ms)
  Rendered layouts/application.html.haml (237.6ms)
  Rendered layouts/with_header.html.haml (261.8ms)
[2015-07-10T14:21:07] INFO  PID-6477 TID-70108055855680 ActionController::Base: Completed 200 OK in 472ms (Views: 359.8ms | ActiveRecord: 40.2ms)
[2015-07-10T14:21:25] DEBUG PID-6477 TID-70107993230480 Rails: 
[2015-07-10T14:21:25] DEBUG PID-6477 TID-70107993230480 Rails: 
[2015-07-10T14:21:25] INFO  PID-6477 TID-70107993230480 Rails: Started POST "/users/sign_in" for ::1 at 2015-07-10 14:21:25 +0100
[2015-07-10T14:21:25] INFO  PID-6477 TID-70107993230480 ActionController::Base: Processing by SessionsController#create as HTML
[2015-07-10T14:21:25] INFO  PID-6477 TID-70107993230480 ActionController::Base:   Parameters: {"utf8"=>"✓", "authenticity_token"=>"8KLUf630bZ6aL0wGdzBrNnZlx3L63bspdVUl6hHQjlDeybpxvXyQxnmjhx+S+Rx5kV+DM3ozrqgVe8dGHp2oTA==", "user"=>{"username"=>"jorgem1r", "password"=>"[FILTERED]", "remember_me"=>"1"}, "commit"=>"Sign in"}
[2015-07-10T14:21:26] INFO  PID-6477 TID-70107993230480 ActionController::Base: Redirected to http://localhost:3000/stream
[2015-07-10T14:21:26] INFO  PID-6477 TID-70107993230480 ActionController::Base: Completed 302 Found in 431ms (ActiveRecord: 154.2ms)
[2015-07-10T14:21:26] DEBUG PID-6477 TID-70107993230480 Rails: 
[2015-07-10T14:21:26] DEBUG PID-6477 TID-70107993230480 Rails: 
[2015-07-10T14:21:26] INFO  PID-6477 TID-70107993230480 Rails: Started GET "/stream" for ::1 at 2015-07-10 14:21:26 +0100
[2015-07-10T14:21:26] INFO  PID-6477 TID-70107993230480 ActionController::Base: Processing by StreamsController#multi as HTML
  Rendered aspects/_aspect_listings.haml (1.2ms)
  Rendered tags/_followed_tags_listings.haml (1.9ms)
  Rendered publisher/_aspect_dropdown.html.haml (5.9ms)
  Rendered shared/_public_explain.haml (12.4ms)
  Rendered publisher/_publisher.html.haml (193.8ms)
  Rendered aspects/_no_posts_message.haml (1.6ms)
  Rendered aspects/_no_contacts_message.haml (2.3ms)
  Rendered aspects/_aspect_stream.haml (275.6ms)
  Rendered shared/_modal.haml (2.1ms)
  Rendered shared/_invitations.haml (34.3ms)
  Rendered shared/_links.haml (1.4ms)
  Rendered shared/_right_sections.html.haml (52.5ms)
  Rendered streams/main_stream.html.haml within layouts/with_header (347.7ms)
  Rendered layouts/_header.html.haml (0.1ms)
  Rendered layouts/_open_graph.haml (1.7ms)
  Rendered layouts/application.html.haml (228.7ms)
[2015-07-10T14:21:26] INFO  PID-6477 TID-70107993230480 ActionController::Base: Completed 200 OK in 592ms (Views: 415.1ms | ActiveRecord: 172.8ms)
[2015-07-10T14:21:34] DEBUG PID-6477 TID-70107993230480 Rails: 
[2015-07-10T14:21:34] DEBUG PID-6477 TID-70107993230480 Rails: 
[2015-07-10T14:21:34] INFO  PID-6477 TID-70107993230480 Rails: Started GET "/stream?_=1436534487378" for ::1 at 2015-07-10 14:21:34 +0100
[2015-07-10T14:21:34] INFO  PID-6477 TID-70107993230480 ActionController::Base: Processing by StreamsController#multi as JSON
[2015-07-10T14:21:34] INFO  PID-6477 TID-70107993230480 ActionController::Base:   Parameters: {"_"=>"1436534487378"}
[2015-07-10T14:21:34] DEBUG PID-6477 TID-70107993230480 EvilQuery::MultiStream: [EVIL-QUERY] make_relation!
[2015-07-10T14:21:34] DEBUG PID-6477 TID-70107993230480 EvilQuery::MultiStream: [EVIL-QUERY] aspect_post_ids!
[2015-07-10T14:21:34] DEBUG PID-6477 TID-70107993230480 User: [EVIL-QUERY] user.construct_public_followings_sql
[2015-07-10T14:21:34] DEBUG PID-6477 TID-70107993230480 EvilQuery::MultiStream: [EVIL-QUERY] followed_tags_posts!
[2015-07-10T14:21:34] DEBUG PID-6477 TID-70107993230480 EvilQuery::MultiStream: [EVIL-QUERY] mentioned_posts
[2015-07-10T14:21:34] INFO  PID-6477 TID-70107993230480 ActionController::Base: Completed 200 OK in 495ms (Views: 55.3ms | ActiveRecord: 267.2ms)
[2015-07-10T14:21:45] DEBUG PID-6477 TID-70108006254180 Rails: 
[2015-07-10T14:21:45] DEBUG PID-6477 TID-70108006254180 Rails: 
[2015-07-10T14:21:45] INFO  PID-6477 TID-70108006254180 Rails: Started GET "/stream?max_time=1434983872&_=1436534487379" for ::1 at 2015-07-10 14:21:45 +0100
[2015-07-10T14:21:45] INFO  PID-6477 TID-70108006254180 ActionController::Base: Processing by StreamsController#multi as JSON
[2015-07-10T14:21:45] INFO  PID-6477 TID-70108006254180 ActionController::Base:   Parameters: {"max_time"=>"1434983872", "_"=>"1436534487379"}
[2015-07-10T14:21:45] DEBUG PID-6477 TID-70108006254180 EvilQuery::MultiStream: [EVIL-QUERY] make_relation!
[2015-07-10T14:21:45] DEBUG PID-6477 TID-70108006254180 EvilQuery::MultiStream: [EVIL-QUERY] aspect_post_ids!
[2015-07-10T14:21:45] DEBUG PID-6477 TID-70108006254180 User: [EVIL-QUERY] user.construct_public_followings_sql
[2015-07-10T14:21:45] DEBUG PID-6477 TID-70108006254180 EvilQuery::MultiStream: [EVIL-QUERY] followed_tags_posts!
[2015-07-10T14:21:45] DEBUG PID-6477 TID-70108006254180 EvilQuery::MultiStream: [EVIL-QUERY] mentioned_posts
[2015-07-10T14:21:45] INFO  PID-6477 TID-70108006254180 ActionController::Base: Completed 200 OK in 37ms (Views: 1.2ms | ActiveRecord: 9.3ms)
[2015-07-10T14:21:46] DEBUG PID-6477 TID-70108006254180 Rails: 
[2015-07-10T14:21:46] DEBUG PID-6477 TID-70108006254180 Rails: 
[2015-07-10T14:21:46] INFO  PID-6477 TID-70108006254180 Rails: Started GET "/stream?max_time=1434983872&_=1436534487380" for ::1 at 2015-07-10 14:21:46 +0100
[2015-07-10T14:21:46] INFO  PID-6477 TID-70108006254180 ActionController::Base: Processing by StreamsController#multi as JSON
[2015-07-10T14:21:46] INFO  PID-6477 TID-70108006254180 ActionController::Base:   Parameters: {"max_time"=>"1434983872", "_"=>"1436534487380"}
[2015-07-10T14:21:46] DEBUG PID-6477 TID-70108006254180 EvilQuery::MultiStream: [EVIL-QUERY] make_relation!
[2015-07-10T14:21:46] DEBUG PID-6477 TID-70108006254180 EvilQuery::MultiStream: [EVIL-QUERY] aspect_post_ids!
[2015-07-10T14:21:46] DEBUG PID-6477 TID-70108006254180 User: [EVIL-QUERY] user.construct_public_followings_sql
[2015-07-10T14:21:46] DEBUG PID-6477 TID-70108006254180 EvilQuery::MultiStream: [EVIL-QUERY] followed_tags_posts!
[2015-07-10T14:21:46] DEBUG PID-6477 TID-70108006254180 EvilQuery::MultiStream: [EVIL-QUERY] mentioned_posts
[2015-07-10T14:21:46] INFO  PID-6477 TID-70108006254180 ActionController::Base: Completed 200 OK in 33ms (Views: 1.8ms | ActiveRecord: 6.1ms)
[2015-07-10T14:21:59] DEBUG PID-6477 TID-70108006254180 Rails: 
[2015-07-10T14:21:59] DEBUG PID-6477 TID-70108006254180 Rails: 
[2015-07-10T14:21:59] INFO  PID-6477 TID-70108006254180 Rails: Started GET "/bookmarklet?url=http%3A%2F%2Flocalhost%3A3000%2Fstream&title=Detailbook&notes=&v=1&noui=1&jump=doclose" for ::1 at 2015-07-10 14:21:59 +0100
[2015-07-10T14:21:59] INFO  PID-6477 TID-70108006254180 ActionController::Base: Processing by StatusMessagesController#bookmarklet as HTML
[2015-07-10T14:21:59] INFO  PID-6477 TID-70108006254180 ActionController::Base:   Parameters: {"url"=>"http://localhost:3000/stream", "title"=>"Detailbook", "notes"=>"", "v"=>"1", "noui"=>"1", "jump"=>"doclose"}
  Rendered publisher/_aspect_dropdown.html.haml (0.9ms)
  Rendered shared/_public_explain.haml (2.7ms)
  Rendered publisher/_publisher.html.haml (13.3ms)
  Rendered status_messages/bookmarklet.html.haml within layouts/application (16.0ms)
  Rendered layouts/_open_graph.haml (2.2ms)
[2015-07-10T14:21:59] INFO  PID-6477 TID-70108006254180 ActionController::Base: Completed 200 OK in 171ms (Views: 163.0ms | ActiveRecord: 2.5ms)
[2015-07-10T14:22:06] DEBUG PID-6477 TID-70107993230480 Rails: 
[2015-07-10T14:22:06] DEBUG PID-6477 TID-70107993230480 Rails: 
[2015-07-10T14:22:06] INFO  PID-6477 TID-70107993230480 Rails: Started GET "/contacts?_=1436534519836" for ::1 at 2015-07-10 14:22:06 +0100
[2015-07-10T14:22:06] INFO  PID-6477 TID-70107993230480 ActionController::Base: Processing by ContactsController#index as JSON
[2015-07-10T14:22:06] INFO  PID-6477 TID-70107993230480 ActionController::Base:   Parameters: {"_"=>"1436534519836"}
[2015-07-10T14:22:06] INFO  PID-6477 TID-70107993230480 ActionController::Base: Completed 200 OK in 25ms (Views: 3.9ms | ActiveRecord: 8.3ms)
[2015-07-10T14:22:13] DEBUG PID-6477 TID-70108006254180 Rails: 
[2015-07-10T14:22:13] DEBUG PID-6477 TID-70108006254180 Rails: 
[2015-07-10T14:22:13] INFO  PID-6477 TID-70108006254180 Rails: Started GET "/" for ::1 at 2015-07-10 14:22:13 +0100
[2015-07-10T14:22:13] INFO  PID-6477 TID-70108006254180 ActionController::Base: Processing by HomeController#show as HTML
[2015-07-10T14:22:13] INFO  PID-6477 TID-70108006254180 ActionController::Base: Redirected to http://localhost:3000/stream
[2015-07-10T14:22:13] INFO  PID-6477 TID-70108006254180 ActionController::Base: Completed 302 Found in 4ms (ActiveRecord: 0.3ms)
[2015-07-10T14:22:13] DEBUG PID-6477 TID-70108006254180 Rails: 
[2015-07-10T14:22:13] DEBUG PID-6477 TID-70108006254180 Rails: 
[2015-07-10T14:22:13] INFO  PID-6477 TID-70108006254180 Rails: Started GET "/stream" for ::1 at 2015-07-10 14:22:13 +0100
[2015-07-10T14:22:13] INFO  PID-6477 TID-70108006254180 ActionController::Base: Processing by StreamsController#multi as HTML
  Rendered aspects/_aspect_listings.haml (0.3ms)
  Rendered tags/_followed_tags_listings.haml (0.2ms)
  Rendered publisher/_aspect_dropdown.html.haml (1.9ms)
  Rendered shared/_public_explain.haml (1.9ms)
  Rendered publisher/_publisher.html.haml (13.6ms)
  Rendered aspects/_no_posts_message.haml (0.2ms)
  Rendered aspects/_no_contacts_message.haml (0.7ms)
  Rendered aspects/_aspect_stream.haml (21.7ms)
  Rendered shared/_modal.haml (0.3ms)
  Rendered shared/_invitations.haml (3.0ms)
  Rendered shared/_links.haml (1.3ms)
  Rendered shared/_right_sections.html.haml (10.2ms)
  Rendered streams/main_stream.html.haml within layouts/with_header (41.0ms)
  Rendered layouts/_header.html.haml (0.1ms)
  Rendered layouts/_open_graph.haml (1.6ms)
  Rendered layouts/application.html.haml (127.7ms)
[2015-07-10T14:22:14] INFO  PID-6477 TID-70108006254180 ActionController::Base: Completed 200 OK in 181ms (Views: 174.5ms | ActiveRecord: 3.1ms)
[2015-07-10T14:22:15] DEBUG PID-6477 TID-70107984134060 Rails: 
[2015-07-10T14:22:15] DEBUG PID-6477 TID-70107984134060 Rails: 
[2015-07-10T14:22:15] INFO  PID-6477 TID-70107984134060 Rails: Started GET "/administrator" for ::1 at 2015-07-10 14:22:15 +0100
[2015-07-10T14:22:15] INFO  PID-6477 TID-70107984134060 ActionController::Base: Processing by RailsAdmin::MainController#dashboard as HTML
  Rendered /Users/jorgem1r/.rbenv/versions/2.2.1/lib/ruby/gems/2.2.0/gems/rails_admin-0.6.7/app/views/rails_admin/main/dashboard.html.haml within layouts/rails_admin/application (312.4ms)
  Rendered /Users/jorgem1r/.rbenv/versions/2.2.1/lib/ruby/gems/2.2.0/gems/rails_admin-0.6.7/app/views/layouts/rails_admin/_secondary_navigation.html.haml (2.6ms)
  Rendered /Users/jorgem1r/.rbenv/versions/2.2.1/lib/ruby/gems/2.2.0/gems/rails_admin-0.6.7/app/views/layouts/rails_admin/_navigation.html.haml (9.8ms)
  Rendered /Users/jorgem1r/.rbenv/versions/2.2.1/lib/ruby/gems/2.2.0/gems/rails_admin-0.6.7/app/views/layouts/rails_admin/pjax.html.haml (4.6ms)
[2015-07-10T14:22:17] INFO  PID-6477 TID-70107984134060 ActionController::Base: Completed 200 OK in 1958ms (Views: 776.5ms | ActiveRecord: 34.4ms)
[2015-07-10T14:22:53] DEBUG PID-6477 TID-70108083433660 Rails: 
[2015-07-10T14:22:53] DEBUG PID-6477 TID-70108083433660 Rails: 
[2015-07-10T14:22:53] INFO  PID-6477 TID-70108083433660 Rails: Started GET "/administrator/aspect_membership?_pjax=%5Bdata-pjax-container%5D" for ::1 at 2015-07-10 14:22:53 +0100
[2015-07-10T14:22:53] INFO  PID-6477 TID-70108083433660 ActionController::Base: Processing by RailsAdmin::MainController#index as HTML
[2015-07-10T14:22:53] INFO  PID-6477 TID-70108083433660 ActionController::Base:   Parameters: {"_pjax"=>"[data-pjax-container]", "model_name"=>"aspect_membership"}
[2015-07-10T14:22:53] INFO  PID-6477 TID-70108083433660 ActionController::Base: Completed 500 Internal Server Error in 33ms (ActiveRecord: 3.3ms)
[2015-07-10T14:22:53] FATAL PID-6477 TID-70108083433660 Rails: 
NoMethodError (undefined method `per' for #<AspectMembership::ActiveRecord_Relation:0x007f869bb5dac8>):
  lib/rack/chrome_frame.rb:39:in `call'


  Rendered /Users/jorgem1r/.rbenv/versions/2.2.1/lib/ruby/gems/2.2.0/gems/actionpack-4.2.2/lib/action_dispatch/middleware/templates/rescues/_source.erb (3.1ms)
  Rendered /Users/jorgem1r/.rbenv/versions/2.2.1/lib/ruby/gems/2.2.0/gems/actionpack-4.2.2/lib/action_dispatch/middleware/templates/rescues/_trace.text.erb (0.7ms)
  Rendered /Users/jorgem1r/.rbenv/versions/2.2.1/lib/ruby/gems/2.2.0/gems/actionpack-4.2.2/lib/action_dispatch/middleware/templates/rescues/_request_and_response.text.erb (0.9ms)
  Rendered /Users/jorgem1r/.rbenv/versions/2.2.1/lib/ruby/gems/2.2.0/gems/actionpack-4.2.2/lib/action_dispatch/middleware/templates/rescues/diagnostics.text.erb (88.6ms)
[2015-07-10T14:22:54] DEBUG PID-6477 TID-70108083433660 Rails: 
[2015-07-10T14:22:54] DEBUG PID-6477 TID-70108083433660 Rails: 
[2015-07-10T14:22:54] INFO  PID-6477 TID-70108083433660 Rails: Started GET "/administrator/aspect_membership" for ::1 at 2015-07-10 14:22:54 +0100
[2015-07-10T14:22:54] INFO  PID-6477 TID-70108083433660 ActionController::Base: Processing by RailsAdmin::MainController#index as HTML
[2015-07-10T14:22:54] INFO  PID-6477 TID-70108083433660 ActionController::Base:   Parameters: {"model_name"=>"aspect_membership"}
[2015-07-10T14:22:54] INFO  PID-6477 TID-70108083433660 ActionController::Base: Completed 500 Internal Server Error in 27ms (ActiveRecord: 0.4ms)
[2015-07-10T14:22:54] FATAL PID-6477 TID-70108083433660 Rails: 
NoMethodError (undefined method `per' for #<AspectMembership::ActiveRecord_Relation:0x007f8698c47360>):
  lib/rack/chrome_frame.rb:39:in `call'


  Rendered /Users/jorgem1r/.rbenv/versions/2.2.1/lib/ruby/gems/2.2.0/gems/actionpack-4.2.2/lib/action_dispatch/middleware/templates/rescues/_source.erb (5.4ms)
  Rendered /Users/jorgem1r/.rbenv/versions/2.2.1/lib/ruby/gems/2.2.0/gems/actionpack-4.2.2/lib/action_dispatch/middleware/templates/rescues/_trace.html.erb (3.0ms)
  Rendered /Users/jorgem1r/.rbenv/versions/2.2.1/lib/ruby/gems/2.2.0/gems/actionpack-4.2.2/lib/action_dispatch/middleware/templates/rescues/_request_and_response.html.erb (1.0ms)
  Rendered /Users/jorgem1r/.rbenv/versions/2.2.1/lib/ruby/gems/2.2.0/gems/actionpack-4.2.2/lib/action_dispatch/middleware/templates/rescues/diagnostics.html.erb within rescues/layout (83.7ms)
[2015-07-10T14:23:09] DEBUG PID-6477 TID-70108083433660 Rails: 
[2015-07-10T14:23:09] DEBUG PID-6477 TID-70108083433660 Rails: 
[2015-07-10T14:23:09] INFO  PID-6477 TID-70108083433660 Rails: Started GET "/administrator" for ::1 at 2015-07-10 14:23:09 +0100
[2015-07-10T14:23:09] INFO  PID-6477 TID-70108083433660 ActionController::Base: Processing by RailsAdmin::MainController#dashboard as HTML
  Rendered /Users/jorgem1r/.rbenv/versions/2.2.1/lib/ruby/gems/2.2.0/gems/rails_admin-0.6.7/app/views/rails_admin/main/dashboard.html.haml within layouts/rails_admin/application (174.7ms)
  Rendered /Users/jorgem1r/.rbenv/versions/2.2.1/lib/ruby/gems/2.2.0/gems/rails_admin-0.6.7/app/views/layouts/rails_admin/_secondary_navigation.html.haml (1.0ms)
  Rendered /Users/jorgem1r/.rbenv/versions/2.2.1/lib/ruby/gems/2.2.0/gems/rails_admin-0.6.7/app/views/layouts/rails_admin/_navigation.html.haml (7.0ms)
  Rendered /Users/jorgem1r/.rbenv/versions/2.2.1/lib/ruby/gems/2.2.0/gems/rails_admin-0.6.7/app/views/layouts/rails_admin/pjax.html.haml (1.6ms)
[2015-07-10T14:23:09] INFO  PID-6477 TID-70108083433660 ActionController::Base: Completed 200 OK in 384ms (Views: 276.6ms | ActiveRecord: 15.6ms)
[2015-07-10T14:24:03] DEBUG PID-6477 TID-70108068957820 Rails: 
[2015-07-10T14:24:03] DEBUG PID-6477 TID-70108068957820 Rails: 
[2015-07-10T14:24:03] INFO  PID-6477 TID-70108068957820 Rails: Started GET "/" for ::1 at 2015-07-10 14:24:03 +0100
[2015-07-10T14:24:03] INFO  PID-6477 TID-70108068957820 ActionController::Base: Processing by HomeController#show as HTML
[2015-07-10T14:24:03] INFO  PID-6477 TID-70108068957820 ActionController::Base: Redirected to http://localhost:3000/stream
[2015-07-10T14:24:03] INFO  PID-6477 TID-70108068957820 ActionController::Base: Completed 302 Found in 4ms (ActiveRecord: 0.3ms)
[2015-07-10T14:24:03] DEBUG PID-6477 TID-70108068957820 Rails: 
[2015-07-10T14:24:03] DEBUG PID-6477 TID-70108068957820 Rails: 
[2015-07-10T14:24:03] INFO  PID-6477 TID-70108068957820 Rails: Started GET "/stream" for ::1 at 2015-07-10 14:24:03 +0100
[2015-07-10T14:24:03] INFO  PID-6477 TID-70108068957820 ActionController::Base: Processing by StreamsController#multi as HTML
  Rendered aspects/_aspect_listings.haml (0.8ms)
  Rendered tags/_followed_tags_listings.haml (0.4ms)
  Rendered publisher/_aspect_dropdown.html.haml (0.9ms)
  Rendered shared/_public_explain.haml (6.6ms)
  Rendered publisher/_publisher.html.haml (19.4ms)
  Rendered aspects/_no_posts_message.haml (0.3ms)
  Rendered aspects/_no_contacts_message.haml (0.7ms)
  Rendered aspects/_aspect_stream.haml (33.9ms)
  Rendered shared/_modal.haml (0.3ms)
  Rendered shared/_invitations.haml (6.8ms)
  Rendered shared/_links.haml (4.7ms)
  Rendered shared/_right_sections.html.haml (22.7ms)
  Rendered streams/main_stream.html.haml within layouts/with_header (77.0ms)
  Rendered layouts/_header.html.haml (0.2ms)
  Rendered layouts/_open_graph.haml (5.6ms)
  Rendered layouts/application.html.haml (302.6ms)
[2015-07-10T14:24:04] INFO  PID-6477 TID-70108068957820 ActionController::Base: Completed 200 OK in 404ms (Views: 390.4ms | ActiveRecord: 6.0ms)
[2015-07-10T14:24:13] DEBUG PID-6477 TID-70108068957820 Rails: 
[2015-07-10T14:24:13] DEBUG PID-6477 TID-70108068957820 Rails: 
[2015-07-10T14:24:13] INFO  PID-6477 TID-70108068957820 Rails: Started GET "/stream?_=1436534644779" for ::1 at 2015-07-10 14:24:13 +0100
[2015-07-10T14:24:13] INFO  PID-6477 TID-70108068957820 ActionController::Base: Processing by StreamsController#multi as JSON
[2015-07-10T14:24:13] INFO  PID-6477 TID-70108068957820 ActionController::Base:   Parameters: {"_"=>"1436534644779"}
[2015-07-10T14:24:13] DEBUG PID-6477 TID-70108068957820 EvilQuery::MultiStream: [EVIL-QUERY] make_relation!
[2015-07-10T14:24:13] DEBUG PID-6477 TID-70108068957820 EvilQuery::MultiStream: [EVIL-QUERY] aspect_post_ids!
[2015-07-10T14:24:13] DEBUG PID-6477 TID-70108068957820 User: [EVIL-QUERY] user.construct_public_followings_sql
[2015-07-10T14:24:13] DEBUG PID-6477 TID-70108068957820 EvilQuery::MultiStream: [EVIL-QUERY] followed_tags_posts!
[2015-07-10T14:24:13] DEBUG PID-6477 TID-70108068957820 EvilQuery::MultiStream: [EVIL-QUERY] mentioned_posts
[2015-07-10T14:24:13] INFO  PID-6477 TID-70108068957820 ActionController::Base: Completed 200 OK in 62ms (Views: 20.6ms | ActiveRecord: 19.6ms)
[2015-07-10T14:24:15] DEBUG PID-6477 TID-70108037630900 Rails: 
[2015-07-10T14:24:15] DEBUG PID-6477 TID-70108037630900 Rails: 
[2015-07-10T14:24:15] INFO  PID-6477 TID-70108037630900 Rails: Started GET "/contacts?_=1436534644780" for ::1 at 2015-07-10 14:24:15 +0100
[2015-07-10T14:24:15] INFO  PID-6477 TID-70108037630900 ActionController::Base: Processing by ContactsController#index as JSON
[2015-07-10T14:24:15] INFO  PID-6477 TID-70108037630900 ActionController::Base:   Parameters: {"_"=>"1436534644780"}
[2015-07-10T14:24:15] INFO  PID-6477 TID-70108037630900 ActionController::Base: Completed 200 OK in 9ms (Views: 1.7ms | ActiveRecord: 1.0ms)
[2015-07-10T14:25:03] DEBUG PID-6477 TID-70108041589820 Rails: 
[2015-07-10T14:25:03] DEBUG PID-6477 TID-70108041589820 Rails: 
[2015-07-10T14:25:03] INFO  PID-6477 TID-70108041589820 Rails: Started GET "/people/a9adb670fb190132b3e16c4008b09872" for ::1 at 2015-07-10 14:25:03 +0100
[2015-07-10T14:25:03] INFO  PID-6477 TID-70108041589820 ActionController::Base: Processing by PeopleController#show as HTML
[2015-07-10T14:25:03] INFO  PID-6477 TID-70108041589820 ActionController::Base:   Parameters: {"id"=>"a9adb670fb190132b3e16c4008b09872"}
  Rendered publisher/_aspect_dropdown.html.haml (2.7ms)
  Rendered shared/_public_explain.haml (1.9ms)
  Rendered publisher/_publisher.html.haml (15.6ms)
  Rendered shared/_modal.haml (0.2ms)
  Rendered people/show.html.haml within layouts/with_header (24.3ms)
  Rendered layouts/_header.html.haml (0.0ms)
  Rendered layouts/_open_graph.haml (2.1ms)
  Rendered layouts/application.html.haml (128.4ms)
[2015-07-10T14:25:03] INFO  PID-6477 TID-70108041589820 ActionController::Base: Completed 200 OK in 187ms (Views: 158.9ms | ActiveRecord: 8.0ms)
[2015-07-10T14:25:11] DEBUG PID-6477 TID-70108041589820 Rails: 
[2015-07-10T14:25:11] DEBUG PID-6477 TID-70108041589820 Rails: 
[2015-07-10T14:25:11] INFO  PID-6477 TID-70108041589820 Rails: Started GET "/people/a9adb670fb190132b3e16c4008b09872/stream?_=1436534704009" for ::1 at 2015-07-10 14:25:11 +0100
[2015-07-10T14:25:11] INFO  PID-6477 TID-70108041589820 ActionController::Base: Processing by PeopleController#stream as JSON
[2015-07-10T14:25:11] INFO  PID-6477 TID-70108041589820 ActionController::Base:   Parameters: {"_"=>"1436534704009", "person_id"=>"a9adb670fb190132b3e16c4008b09872"}
[2015-07-10T14:25:11] INFO  PID-6477 TID-70108041589820 ActionController::Base: Completed 200 OK in 64ms (Views: 30.0ms | ActiveRecord: 15.0ms)
[2015-07-10T14:45:29] DEBUG PID-6477 TID-70108100003660 Rails: 
[2015-07-10T14:45:29] DEBUG PID-6477 TID-70108100003660 Rails: 
[2015-07-10T14:45:29] INFO  PID-6477 TID-70108100003660 Rails: Started GET "/stream" for ::1 at 2015-07-10 14:45:29 +0100
[2015-07-10T14:45:29] INFO  PID-6477 TID-70108100003660 ActionController::Base: Processing by StreamsController#multi as HTML
  Rendered aspects/_aspect_listings.haml (0.7ms)
  Rendered tags/_followed_tags_listings.haml (0.6ms)
  Rendered publisher/_aspect_dropdown.html.haml (2.8ms)
  Rendered shared/_public_explain.haml (4.2ms)
  Rendered publisher/_publisher.html.haml (35.5ms)
  Rendered aspects/_no_posts_message.haml (1.7ms)
  Rendered aspects/_no_contacts_message.haml (1.6ms)
  Rendered aspects/_aspect_stream.haml (65.8ms)
  Rendered shared/_modal.haml (0.8ms)
  Rendered shared/_invitations.haml (6.7ms)
  Rendered shared/_links.haml (2.1ms)
  Rendered shared/_right_sections.html.haml (19.8ms)
  Rendered streams/main_stream.html.haml within layouts/with_header (109.1ms)
  Rendered layouts/_header.html.haml (0.7ms)
  Rendered layouts/_open_graph.haml (4.5ms)
  Rendered layouts/application.html.haml (269.9ms)
[2015-07-10T14:45:30] INFO  PID-6477 TID-70108100003660 ActionController::Base: Completed 200 OK in 462ms (Views: 391.9ms | ActiveRecord: 12.2ms)
[2015-07-10T14:45:37] DEBUG PID-6477 TID-70107846544040 Rails: 
[2015-07-10T14:45:37] DEBUG PID-6477 TID-70107846544040 Rails: 
[2015-07-10T14:45:37] INFO  PID-6477 TID-70107846544040 Rails: Started GET "/stream?_=1436535930765" for ::1 at 2015-07-10 14:45:37 +0100
[2015-07-10T14:45:37] INFO  PID-6477 TID-70107846544040 ActionController::Base: Processing by StreamsController#multi as JSON
[2015-07-10T14:45:37] INFO  PID-6477 TID-70107846544040 ActionController::Base:   Parameters: {"_"=>"1436535930765"}
[2015-07-10T14:45:37] DEBUG PID-6477 TID-70107846544040 EvilQuery::MultiStream: [EVIL-QUERY] make_relation!
[2015-07-10T14:45:37] DEBUG PID-6477 TID-70107846544040 EvilQuery::MultiStream: [EVIL-QUERY] aspect_post_ids!
[2015-07-10T14:45:37] DEBUG PID-6477 TID-70107846544040 User: [EVIL-QUERY] user.construct_public_followings_sql
[2015-07-10T14:45:37] DEBUG PID-6477 TID-70107846544040 EvilQuery::MultiStream: [EVIL-QUERY] followed_tags_posts!
[2015-07-10T14:45:37] DEBUG PID-6477 TID-70107846544040 EvilQuery::MultiStream: [EVIL-QUERY] mentioned_posts
[2015-07-10T14:45:37] INFO  PID-6477 TID-70107846544040 ActionController::Base: Completed 200 OK in 59ms (Views: 18.8ms | ActiveRecord: 13.5ms)
[2015-07-10T14:45:39] DEBUG PID-6477 TID-70107846542000 Rails: 
[2015-07-10T14:45:39] DEBUG PID-6477 TID-70107846542000 Rails: 
[2015-07-10T14:45:39] INFO  PID-6477 TID-70107846542000 Rails: Started DELETE "/users/sign_out" for ::1 at 2015-07-10 14:45:39 +0100
[2015-07-10T14:45:39] INFO  PID-6477 TID-70107846542000 ActionController::Base: Processing by SessionsController#destroy as HTML
[2015-07-10T14:45:39] INFO  PID-6477 TID-70107846542000 ActionController::Base:   Parameters: {"authenticity_token"=>"3c4WnDjNUAWBy/37nM5wW/0vkdPL97p01PivAssVmVej+L9tMhY59jU8wVgFq9yDkA3hAgm9w1YIyyiI9UITSw=="}
[2015-07-10T14:45:39] INFO  PID-6477 TID-70107846542000 ActionController::Base: Redirected to http://localhost:3000/users/sign_in
[2015-07-10T14:45:39] INFO  PID-6477 TID-70107846542000 ActionController::Base: Completed 302 Found in 21ms (ActiveRecord: 9.1ms)
[2015-07-10T14:45:39] DEBUG PID-6477 TID-70107846542000 Rails: 
[2015-07-10T14:45:39] DEBUG PID-6477 TID-70107846542000 Rails: 
[2015-07-10T14:45:39] INFO  PID-6477 TID-70107846542000 Rails: Started GET "/users/sign_in" for ::1 at 2015-07-10 14:45:39 +0100
[2015-07-10T14:45:39] INFO  PID-6477 TID-70107846542000 ActionController::Base: Processing by SessionsController#new as HTML
  Rendered sessions/new.html.haml within layouts/with_header_with_footer (2.8ms)
  Rendered shared/_links.haml (1.1ms)
  Rendered layouts/_footer.html.haml (2.2ms)
  Rendered layouts/_header.html.haml (0.9ms)
  Rendered layouts/_open_graph.haml (4.0ms)
  Rendered layouts/application.html.haml (138.7ms)
  Rendered layouts/with_header.html.haml (141.8ms)
[2015-07-10T14:45:39] INFO  PID-6477 TID-70107846542000 ActionController::Base: Completed 200 OK in 157ms (Views: 152.9ms | ActiveRecord: 0.0ms)
[2015-07-10T14:47:05] DEBUG PID-6477 TID-70108070218180 Rails: 
[2015-07-10T14:47:05] DEBUG PID-6477 TID-70108070218180 Rails: 
[2015-07-10T14:47:05] INFO  PID-6477 TID-70108070218180 Rails: Started GET "/" for ::1 at 2015-07-10 14:47:05 +0100
[2015-07-10T14:47:05] INFO  PID-6477 TID-70108070218180 ActionController::Base: Processing by HomeController#show as HTML
  Rendered home/default.haml within layouts/application (4.7ms)
  Rendered layouts/_open_graph.haml (1.9ms)
[2015-07-10T14:47:05] INFO  PID-6477 TID-70108070218180 ActionController::Base: Completed 200 OK in 274ms (Views: 269.7ms | ActiveRecord: 0.0ms)
[2015-07-10T14:47:05] DEBUG PID-6477 TID-70108070217160 Rails: 
[2015-07-10T14:47:05] DEBUG PID-6477 TID-70108070217160 Rails: 
[2015-07-10T14:47:05] INFO  PID-6477 TID-70108070217160 Rails: Started GET "/" for ::1 at 2015-07-10 14:47:05 +0100
[2015-07-10T14:47:05] INFO  PID-6477 TID-70108070217160 ActionController::Base: Processing by HomeController#show as HTML
  Rendered home/default.haml within layouts/application (3.5ms)
  Rendered layouts/_open_graph.haml (1.7ms)
[2015-07-10T14:47:06] INFO  PID-6477 TID-70108070217160 ActionController::Base: Completed 200 OK in 128ms (Views: 124.2ms | ActiveRecord: 0.0ms)
[2015-07-10T14:47:48] DEBUG PID-6477 TID-70107993930900 Rails: 
[2015-07-10T14:47:48] DEBUG PID-6477 TID-70107993930900 Rails: 
[2015-07-10T14:47:48] INFO  PID-6477 TID-70107993930900 Rails: Started GET "/login" for ::1 at 2015-07-10 14:47:48 +0100
[2015-07-10T14:47:48] DEBUG PID-6477 TID-70107993930900 Rails: 
[2015-07-10T14:47:48] DEBUG PID-6477 TID-70107993930900 Rails: 
[2015-07-10T14:47:48] INFO  PID-6477 TID-70107993930900 Rails: Started GET "/users/sign_in" for ::1 at 2015-07-10 14:47:48 +0100
[2015-07-10T14:47:48] INFO  PID-6477 TID-70107993930900 ActionController::Base: Processing by SessionsController#new as HTML
  Rendered sessions/new.html.haml within layouts/with_header_with_footer (3.7ms)
  Rendered shared/_links.haml (1.8ms)
  Rendered layouts/_footer.html.haml (3.4ms)
  Rendered layouts/_header.html.haml (1.0ms)
  Rendered layouts/_open_graph.haml (1.9ms)
  Rendered layouts/application.html.haml (209.2ms)
  Rendered layouts/with_header.html.haml (213.3ms)
[2015-07-10T14:47:48] INFO  PID-6477 TID-70107993930900 ActionController::Base: Completed 200 OK in 238ms (Views: 234.7ms | ActiveRecord: 0.0ms)
[2015-07-10T14:48:10] DEBUG PID-6477 TID-70108070217160 Rails: 
[2015-07-10T14:48:10] DEBUG PID-6477 TID-70108070217160 Rails: 
[2015-07-10T14:48:10] INFO  PID-6477 TID-70108070217160 Rails: Started POST "/users/sign_in" for ::1 at 2015-07-10 14:48:10 +0100
[2015-07-10T14:48:10] INFO  PID-6477 TID-70108070217160 ActionController::Base: Processing by SessionsController#create as HTML
[2015-07-10T14:48:10] INFO  PID-6477 TID-70108070217160 ActionController::Base:   Parameters: {"utf8"=>"✓", "authenticity_token"=>"Fx4yKjjMsLY4lDrnkeKT55aFp9QP8dzrW5EjTZBT5x4vpY+IZxcqL9l+igsBQEJdzONV/0g4dnJMtlO5/REXVA==", "user"=>{"username"=>"jorgem1r", "password"=>"[FILTERED]", "remember_me"=>"1"}, "commit"=>"Sign in"}
[2015-07-10T14:48:11] INFO  PID-6477 TID-70108070217160 ActionController::Base: Redirected to http://localhost:3000/stream
[2015-07-10T14:48:11] INFO  PID-6477 TID-70108070217160 ActionController::Base: Completed 302 Found in 130ms (ActiveRecord: 6.7ms)
[2015-07-10T14:48:11] DEBUG PID-6477 TID-70108070217160 Rails: 
[2015-07-10T14:48:11] DEBUG PID-6477 TID-70108070217160 Rails: 
[2015-07-10T14:48:11] INFO  PID-6477 TID-70108070217160 Rails: Started GET "/stream" for ::1 at 2015-07-10 14:48:11 +0100
[2015-07-10T14:48:11] INFO  PID-6477 TID-70108070217160 ActionController::Base: Processing by StreamsController#multi as HTML
  Rendered aspects/_aspect_listings.haml (0.3ms)
  Rendered tags/_followed_tags_listings.haml (0.3ms)
  Rendered publisher/_aspect_dropdown.html.haml (0.8ms)
  Rendered shared/_public_explain.haml (1.8ms)
  Rendered publisher/_publisher.html.haml (10.4ms)
  Rendered aspects/_no_posts_message.haml (0.2ms)
  Rendered aspects/_no_contacts_message.haml (0.6ms)
  Rendered aspects/_aspect_stream.haml (19.6ms)
  Rendered shared/_modal.haml (0.4ms)
  Rendered shared/_invitations.haml (3.6ms)
  Rendered shared/_links.haml (1.5ms)
  Rendered shared/_right_sections.html.haml (11.7ms)
  Rendered streams/main_stream.html.haml within layouts/with_header (43.2ms)
  Rendered layouts/_header.html.haml (0.0ms)
  Rendered layouts/_open_graph.haml (1.4ms)
  Rendered layouts/application.html.haml (134.5ms)
[2015-07-10T14:48:11] INFO  PID-6477 TID-70108070217160 ActionController::Base: Completed 200 OK in 191ms (Views: 183.7ms | ActiveRecord: 3.3ms)
[2015-07-10T14:48:24] DEBUG PID-6477 TID-70108097431600 Rails: 
[2015-07-10T14:48:24] DEBUG PID-6477 TID-70108097431600 Rails: 
[2015-07-10T14:48:24] INFO  PID-6477 TID-70108097431600 Rails: Started GET "/stream?_=1436536098335" for ::1 at 2015-07-10 14:48:24 +0100
[2015-07-10T14:48:24] INFO  PID-6477 TID-70108097431600 ActionController::Base: Processing by StreamsController#multi as JSON
[2015-07-10T14:48:24] INFO  PID-6477 TID-70108097431600 ActionController::Base:   Parameters: {"_"=>"1436536098335"}
[2015-07-10T14:48:24] DEBUG PID-6477 TID-70108097431600 EvilQuery::MultiStream: [EVIL-QUERY] make_relation!
[2015-07-10T14:48:24] DEBUG PID-6477 TID-70108097431600 EvilQuery::MultiStream: [EVIL-QUERY] aspect_post_ids!
[2015-07-10T14:48:24] DEBUG PID-6477 TID-70108097431600 User: [EVIL-QUERY] user.construct_public_followings_sql
[2015-07-10T14:48:24] DEBUG PID-6477 TID-70108097431600 EvilQuery::MultiStream: [EVIL-QUERY] followed_tags_posts!
[2015-07-10T14:48:24] DEBUG PID-6477 TID-70108097431600 EvilQuery::MultiStream: [EVIL-QUERY] mentioned_posts
[2015-07-10T14:48:24] INFO  PID-6477 TID-70108097431600 ActionController::Base: Completed 200 OK in 72ms (Views: 22.4ms | ActiveRecord: 21.6ms)
[2015-07-10T14:48:30] DEBUG PID-6477 TID-70108070217160 Rails: 
[2015-07-10T14:48:30] DEBUG PID-6477 TID-70108070217160 Rails: 
[2015-07-10T14:48:30] INFO  PID-6477 TID-70108070217160 Rails: Started GET "/administrator" for ::1 at 2015-07-10 14:48:30 +0100
[2015-07-10T14:48:30] INFO  PID-6477 TID-70108070217160 ActionController::Base: Processing by RailsAdmin::MainController#dashboard as HTML
  Rendered /Users/jorgem1r/.rbenv/versions/2.2.1/lib/ruby/gems/2.2.0/gems/rails_admin-0.6.7/app/views/rails_admin/main/dashboard.html.haml within layouts/rails_admin/application (203.9ms)
  Rendered /Users/jorgem1r/.rbenv/versions/2.2.1/lib/ruby/gems/2.2.0/gems/rails_admin-0.6.7/app/views/layouts/rails_admin/_secondary_navigation.html.haml (1.2ms)
  Rendered /Users/jorgem1r/.rbenv/versions/2.2.1/lib/ruby/gems/2.2.0/gems/rails_admin-0.6.7/app/views/layouts/rails_admin/_navigation.html.haml (7.4ms)
  Rendered /Users/jorgem1r/.rbenv/versions/2.2.1/lib/ruby/gems/2.2.0/gems/rails_admin-0.6.7/app/views/layouts/rails_admin/pjax.html.haml (1.6ms)
[2015-07-10T14:48:31] INFO  PID-6477 TID-70108070217160 ActionController::Base: Completed 200 OK in 395ms (Views: 303.1ms | ActiveRecord: 17.3ms)
[2015-07-10T14:53:02] DEBUG PID-6587 TID-70113775218880 Rails: 
[2015-07-10T14:53:02] DEBUG PID-6587 TID-70113775218880 Rails: 
[2015-07-10T14:53:02] INFO  PID-6587 TID-70113775218880 Rails: Started GET "/administrator" for ::1 at 2015-07-10 14:53:02 +0100
[2015-07-10T14:53:02] INFO  PID-6587 TID-70113775218880 ActionController::Base: Processing by RailsAdmin::MainController#dashboard as HTML
  Rendered /Users/jorgem1r/.rbenv/versions/2.2.1/lib/ruby/gems/2.2.0/gems/rails_admin-0.6.7/app/views/rails_admin/main/dashboard.html.haml within layouts/rails_admin/application (195.1ms)
  Rendered /Users/jorgem1r/.rbenv/versions/2.2.1/lib/ruby/gems/2.2.0/gems/rails_admin-0.6.7/app/views/layouts/rails_admin/_secondary_navigation.html.haml (3.3ms)
  Rendered /Users/jorgem1r/.rbenv/versions/2.2.1/lib/ruby/gems/2.2.0/gems/rails_admin-0.6.7/app/views/layouts/rails_admin/_navigation.html.haml (11.0ms)
  Rendered /Users/jorgem1r/.rbenv/versions/2.2.1/lib/ruby/gems/2.2.0/gems/rails_admin-0.6.7/app/views/layouts/rails_admin/pjax.html.haml (3.7ms)
[2015-07-10T14:53:04] INFO  PID-6587 TID-70113775218880 ActionController::Base: Completed 200 OK in 2332ms (Views: 702.3ms | ActiveRecord: 134.4ms)
[2015-07-10T14:53:13] DEBUG PID-6587 TID-70113775166720 Rails: 
[2015-07-10T14:53:13] DEBUG PID-6587 TID-70113775166720 Rails: 
[2015-07-10T14:53:13] INFO  PID-6587 TID-70113775166720 Rails: Started GET "/administrator/aspect_membership?_pjax=%5Bdata-pjax-container%5D" for ::1 at 2015-07-10 14:53:13 +0100
[2015-07-10T14:53:14] INFO  PID-6587 TID-70113775166720 ActionController::Base: Processing by RailsAdmin::MainController#index as HTML
[2015-07-10T14:53:14] INFO  PID-6587 TID-70113775166720 ActionController::Base:   Parameters: {"_pjax"=>"[data-pjax-container]", "model_name"=>"aspect_membership"}
[2015-07-10T14:53:14] INFO  PID-6587 TID-70113775166720 ActionController::Base: Completed 500 Internal Server Error in 38ms (ActiveRecord: 0.3ms)
[2015-07-10T14:53:14] FATAL PID-6587 TID-70113775166720 Rails: 
NoMethodError (undefined method `per' for #<AspectMembership::ActiveRecord_Relation:0x007f89484d2758>):
  lib/rack/chrome_frame.rb:39:in `call'


  Rendered /Users/jorgem1r/.rbenv/versions/2.2.1/lib/ruby/gems/2.2.0/gems/actionpack-4.2.2/lib/action_dispatch/middleware/templates/rescues/_source.erb (2.7ms)
  Rendered /Users/jorgem1r/.rbenv/versions/2.2.1/lib/ruby/gems/2.2.0/gems/actionpack-4.2.2/lib/action_dispatch/middleware/templates/rescues/_trace.text.erb (0.9ms)
  Rendered /Users/jorgem1r/.rbenv/versions/2.2.1/lib/ruby/gems/2.2.0/gems/actionpack-4.2.2/lib/action_dispatch/middleware/templates/rescues/_request_and_response.text.erb (1.0ms)
  Rendered /Users/jorgem1r/.rbenv/versions/2.2.1/lib/ruby/gems/2.2.0/gems/actionpack-4.2.2/lib/action_dispatch/middleware/templates/rescues/diagnostics.text.erb (81.3ms)
[2015-07-10T14:53:14] DEBUG PID-6587 TID-70113775166720 Rails: 
[2015-07-10T14:53:14] DEBUG PID-6587 TID-70113775166720 Rails: 
[2015-07-10T14:53:14] INFO  PID-6587 TID-70113775166720 Rails: Started GET "/administrator/aspect_membership" for ::1 at 2015-07-10 14:53:14 +0100
[2015-07-10T14:53:14] INFO  PID-6587 TID-70113775166720 ActionController::Base: Processing by RailsAdmin::MainController#index as HTML
[2015-07-10T14:53:14] INFO  PID-6587 TID-70113775166720 ActionController::Base:   Parameters: {"model_name"=>"aspect_membership"}
[2015-07-10T14:53:14] INFO  PID-6587 TID-70113775166720 ActionController::Base: Completed 500 Internal Server Error in 15ms (ActiveRecord: 0.3ms)
[2015-07-10T14:53:14] FATAL PID-6587 TID-70113775166720 Rails: 
NoMethodError (undefined method `per' for #<AspectMembership::ActiveRecord_Relation:0x007f894da68bb8>):
  lib/rack/chrome_frame.rb:39:in `call'


  Rendered /Users/jorgem1r/.rbenv/versions/2.2.1/lib/ruby/gems/2.2.0/gems/actionpack-4.2.2/lib/action_dispatch/middleware/templates/rescues/_source.erb (5.9ms)
  Rendered /Users/jorgem1r/.rbenv/versions/2.2.1/lib/ruby/gems/2.2.0/gems/actionpack-4.2.2/lib/action_dispatch/middleware/templates/rescues/_trace.html.erb (2.4ms)
  Rendered /Users/jorgem1r/.rbenv/versions/2.2.1/lib/ruby/gems/2.2.0/gems/actionpack-4.2.2/lib/action_dispatch/middleware/templates/rescues/_request_and_response.html.erb (0.9ms)
  Rendered /Users/jorgem1r/.rbenv/versions/2.2.1/lib/ruby/gems/2.2.0/gems/actionpack-4.2.2/lib/action_dispatch/middleware/templates/rescues/diagnostics.html.erb within rescues/layout (89.3ms)
[2015-07-10T14:58:49] DEBUG PID-6587 TID-70113817079740 Rails: 
[2015-07-10T14:58:49] DEBUG PID-6587 TID-70113817079740 Rails: 
[2015-07-10T14:58:49] INFO  PID-6587 TID-70113817079740 Rails: Started GET "/administrator/aspect_membership" for ::1 at 2015-07-10 14:58:49 +0100
[2015-07-10T14:58:49] INFO  PID-6587 TID-70113817079740 ActionController::Base: Processing by RailsAdmin::MainController#index as HTML
[2015-07-10T14:58:49] INFO  PID-6587 TID-70113817079740 ActionController::Base:   Parameters: {"model_name"=>"aspect_membership"}
[2015-07-10T14:58:49] INFO  PID-6587 TID-70113817079740 ActionController::Base: Completed 500 Internal Server Error in 33ms (ActiveRecord: 8.7ms)
[2015-07-10T14:58:49] FATAL PID-6587 TID-70113817079740 Rails: 
NoMethodError (undefined method `per' for #<AspectMembership::ActiveRecord_Relation:0x007f894b6a1b80>):
  lib/rack/chrome_frame.rb:39:in `call'


  Rendered /Users/jorgem1r/.rbenv/versions/2.2.1/lib/ruby/gems/2.2.0/gems/actionpack-4.2.2/lib/action_dispatch/middleware/templates/rescues/_source.erb (5.2ms)
  Rendered /Users/jorgem1r/.rbenv/versions/2.2.1/lib/ruby/gems/2.2.0/gems/actionpack-4.2.2/lib/action_dispatch/middleware/templates/rescues/_trace.html.erb (2.3ms)
  Rendered /Users/jorgem1r/.rbenv/versions/2.2.1/lib/ruby/gems/2.2.0/gems/actionpack-4.2.2/lib/action_dispatch/middleware/templates/rescues/_request_and_response.html.erb (1.3ms)
  Rendered /Users/jorgem1r/.rbenv/versions/2.2.1/lib/ruby/gems/2.2.0/gems/actionpack-4.2.2/lib/action_dispatch/middleware/templates/rescues/diagnostics.html.erb within rescues/layout (84.6ms)
[2015-07-10T14:58:56] DEBUG PID-6587 TID-70113817079740 Rails: 
[2015-07-10T14:58:56] DEBUG PID-6587 TID-70113817079740 Rails: 
[2015-07-10T14:58:56] INFO  PID-6587 TID-70113817079740 Rails: Started GET "/administrator" for ::1 at 2015-07-10 14:58:56 +0100
[2015-07-10T14:58:56] INFO  PID-6587 TID-70113817079740 ActionController::Base: Processing by RailsAdmin::MainController#dashboard as HTML
  Rendered /Users/jorgem1r/.rbenv/versions/2.2.1/lib/ruby/gems/2.2.0/gems/rails_admin-0.6.7/app/views/rails_admin/main/dashboard.html.haml within layouts/rails_admin/application (186.5ms)
  Rendered /Users/jorgem1r/.rbenv/versions/2.2.1/lib/ruby/gems/2.2.0/gems/rails_admin-0.6.7/app/views/layouts/rails_admin/_secondary_navigation.html.haml (1.0ms)
  Rendered /Users/jorgem1r/.rbenv/versions/2.2.1/lib/ruby/gems/2.2.0/gems/rails_admin-0.6.7/app/views/layouts/rails_admin/_navigation.html.haml (7.9ms)
  Rendered /Users/jorgem1r/.rbenv/versions/2.2.1/lib/ruby/gems/2.2.0/gems/rails_admin-0.6.7/app/views/layouts/rails_admin/pjax.html.haml (2.0ms)
[2015-07-10T14:58:56] INFO  PID-6587 TID-70113817079740 ActionController::Base: Completed 200 OK in 400ms (Views: 291.5ms | ActiveRecord: 16.0ms)
[2015-07-10T14:59:04] DEBUG PID-6587 TID-70113817094940 Rails: 
[2015-07-10T14:59:04] DEBUG PID-6587 TID-70113817094940 Rails: 
[2015-07-10T14:59:04] INFO  PID-6587 TID-70113817094940 Rails: Started GET "/administrator" for ::1 at 2015-07-10 14:59:04 +0100
[2015-07-10T14:59:04] INFO  PID-6587 TID-70113817094940 ActionController::Base: Processing by RailsAdmin::MainController#dashboard as HTML
  Rendered /Users/jorgem1r/.rbenv/versions/2.2.1/lib/ruby/gems/2.2.0/gems/rails_admin-0.6.7/app/views/rails_admin/main/dashboard.html.haml within layouts/rails_admin/application (170.4ms)
  Rendered /Users/jorgem1r/.rbenv/versions/2.2.1/lib/ruby/gems/2.2.0/gems/rails_admin-0.6.7/app/views/layouts/rails_admin/_secondary_navigation.html.haml (1.0ms)
  Rendered /Users/jorgem1r/.rbenv/versions/2.2.1/lib/ruby/gems/2.2.0/gems/rails_admin-0.6.7/app/views/layouts/rails_admin/_navigation.html.haml (7.9ms)
  Rendered /Users/jorgem1r/.rbenv/versions/2.2.1/lib/ruby/gems/2.2.0/gems/rails_admin-0.6.7/app/views/layouts/rails_admin/pjax.html.haml (1.4ms)
[2015-07-10T14:59:04] INFO  PID-6587 TID-70113817094940 ActionController::Base: Completed 200 OK in 387ms (Views: 289.0ms | ActiveRecord: 17.6ms)
[2015-07-10T15:13:46] DEBUG PID-6820 TID-70132022451680 Rails: 
[2015-07-10T15:13:46] DEBUG PID-6820 TID-70132022451680 Rails: 
[2015-07-10T15:13:46] INFO  PID-6820 TID-70132022451680 Rails: Started GET "/" for ::1 at 2015-07-10 15:13:46 +0100
[2015-07-10T15:13:47] INFO  PID-6820 TID-70132022451680 ActionController::Base: Processing by HomeController#show as HTML
[2015-07-10T15:13:47] INFO  PID-6820 TID-70132022451680 ActionController::Base: Redirected to http://localhost:3000/stream
[2015-07-10T15:13:47] INFO  PID-6820 TID-70132022451680 ActionController::Base: Completed 302 Found in 240ms (ActiveRecord: 65.4ms)
[2015-07-10T15:13:47] DEBUG PID-6820 TID-70132022451680 Rails: 
[2015-07-10T15:13:47] DEBUG PID-6820 TID-70132022451680 Rails: 
[2015-07-10T15:13:47] INFO  PID-6820 TID-70132022451680 Rails: Started GET "/stream" for ::1 at 2015-07-10 15:13:47 +0100
[2015-07-10T15:13:47] INFO  PID-6820 TID-70132022451680 ActionController::Base: Processing by StreamsController#multi as HTML
  Rendered aspects/_aspect_listings.haml (1.4ms)
  Rendered tags/_followed_tags_listings.haml (1.2ms)
  Rendered publisher/_aspect_dropdown.html.haml (7.8ms)
  Rendered shared/_public_explain.haml (8.3ms)
  Rendered publisher/_publisher.html.haml (187.2ms)
  Rendered aspects/_no_posts_message.haml (2.2ms)
  Rendered aspects/_no_contacts_message.haml (2.2ms)
  Rendered aspects/_aspect_stream.haml (267.4ms)
  Rendered shared/_modal.haml (2.0ms)
  Rendered shared/_invitations.haml (34.6ms)
  Rendered shared/_links.haml (3.0ms)
  Rendered shared/_right_sections.html.haml (55.7ms)
  Rendered streams/main_stream.html.haml within layouts/with_header (350.5ms)
  Rendered layouts/_header.html.haml (2.5ms)
  Rendered layouts/_open_graph.haml (4.6ms)
  Rendered layouts/application.html.haml (1888.1ms)
[2015-07-10T15:13:49] INFO  PID-6820 TID-70132022451680 ActionController::Base: Completed 200 OK in 2277ms (Views: 2112.3ms | ActiveRecord: 156.1ms)
[2015-07-10T15:13:49] DEBUG PID-6820 TID-70132022448600 Rails: 
[2015-07-10T15:13:49] DEBUG PID-6820 TID-70132022448600 Rails: 
[2015-07-10T15:13:49] INFO  PID-6820 TID-70132022448600 Rails: Started GET "/administrator" for ::1 at 2015-07-10 15:13:49 +0100
[2015-07-10T15:13:49] INFO  PID-6820 TID-70132022448600 ActionController::Base: Processing by RailsAdmin::MainController#dashboard as HTML
  Rendered /Users/jorgem1r/.rbenv/versions/2.2.1/lib/ruby/gems/2.2.0/gems/rails_admin-0.6.7/app/views/rails_admin/main/dashboard.html.haml within layouts/rails_admin/application (205.5ms)
  Rendered /Users/jorgem1r/.rbenv/versions/2.2.1/lib/ruby/gems/2.2.0/gems/rails_admin-0.6.7/app/views/layouts/rails_admin/_secondary_navigation.html.haml (2.9ms)
  Rendered /Users/jorgem1r/.rbenv/versions/2.2.1/lib/ruby/gems/2.2.0/gems/rails_admin-0.6.7/app/views/layouts/rails_admin/_navigation.html.haml (9.4ms)
  Rendered /Users/jorgem1r/.rbenv/versions/2.2.1/lib/ruby/gems/2.2.0/gems/rails_admin-0.6.7/app/views/layouts/rails_admin/pjax.html.haml (3.0ms)
[2015-07-10T15:13:51] INFO  PID-6820 TID-70132022448600 ActionController::Base: Completed 200 OK in 1925ms (Views: 639.0ms | ActiveRecord: 48.9ms)
[2015-07-10T15:14:03] DEBUG PID-6820 TID-70132073528640 Rails: 
[2015-07-10T15:14:03] DEBUG PID-6820 TID-70132073528640 Rails: 
[2015-07-10T15:14:03] INFO  PID-6820 TID-70132073528640 Rails: Started GET "/administrator/?_pjax=%5Bdata-pjax-container%5D" for ::1 at 2015-07-10 15:14:03 +0100
[2015-07-10T15:14:04] INFO  PID-6820 TID-70132073528640 ActionController::Base: Processing by RailsAdmin::MainController#dashboard as HTML
[2015-07-10T15:14:04] INFO  PID-6820 TID-70132073528640 ActionController::Base:   Parameters: {"_pjax"=>"[data-pjax-container]"}
  Rendered /Users/jorgem1r/.rbenv/versions/2.2.1/lib/ruby/gems/2.2.0/gems/rails_admin-0.6.7/app/views/rails_admin/main/dashboard.html.haml within layouts/rails_admin/pjax (201.6ms)
[2015-07-10T15:14:04] INFO  PID-6820 TID-70132073528640 ActionController::Base: Completed 200 OK in 371ms (Views: 266.9ms | ActiveRecord: 17.4ms)
[2015-07-10T15:14:08] DEBUG PID-6820 TID-70132073528640 Rails: 
[2015-07-10T15:14:08] DEBUG PID-6820 TID-70132073528640 Rails: 
[2015-07-10T15:14:08] INFO  PID-6820 TID-70132073528640 Rails: Started GET "/" for ::1 at 2015-07-10 15:14:08 +0100
[2015-07-10T15:14:08] INFO  PID-6820 TID-70132073528640 ActionController::Base: Processing by HomeController#show as HTML
[2015-07-10T15:14:08] INFO  PID-6820 TID-70132073528640 ActionController::Base: Redirected to http://localhost:3000/stream
[2015-07-10T15:14:08] INFO  PID-6820 TID-70132073528640 ActionController::Base: Completed 302 Found in 5ms (ActiveRecord: 0.4ms)
[2015-07-10T15:14:08] DEBUG PID-6820 TID-70132073528640 Rails: 
[2015-07-10T15:14:08] DEBUG PID-6820 TID-70132073528640 Rails: 
[2015-07-10T15:14:08] INFO  PID-6820 TID-70132073528640 Rails: Started GET "/stream" for ::1 at 2015-07-10 15:14:08 +0100
[2015-07-10T15:14:08] INFO  PID-6820 TID-70132073528640 ActionController::Base: Processing by StreamsController#multi as HTML
  Rendered aspects/_aspect_listings.haml (0.4ms)
  Rendered tags/_followed_tags_listings.haml (0.3ms)
  Rendered publisher/_aspect_dropdown.html.haml (1.3ms)
  Rendered shared/_public_explain.haml (1.8ms)
  Rendered publisher/_publisher.html.haml (11.0ms)
  Rendered aspects/_no_posts_message.haml (0.3ms)
  Rendered aspects/_no_contacts_message.haml (0.7ms)
  Rendered aspects/_aspect_stream.haml (22.1ms)
  Rendered shared/_modal.haml (0.5ms)
  Rendered shared/_invitations.haml (3.9ms)
  Rendered shared/_links.haml (1.8ms)
  Rendered shared/_right_sections.html.haml (13.0ms)
  Rendered streams/main_stream.html.haml within layouts/with_header (47.3ms)
  Rendered layouts/_header.html.haml (0.1ms)
  Rendered layouts/_open_graph.haml (1.4ms)
  Rendered layouts/application.html.haml (166.5ms)
[2015-07-10T15:14:08] INFO  PID-6820 TID-70132073528640 ActionController::Base: Completed 200 OK in 231ms (Views: 223.2ms | ActiveRecord: 3.5ms)
[2015-07-10T15:14:16] DEBUG PID-6820 TID-70132022448600 Rails: 
[2015-07-10T15:14:16] DEBUG PID-6820 TID-70132022448600 Rails: 
[2015-07-10T15:14:16] INFO  PID-6820 TID-70132022448600 Rails: Started GET "/stream?_=1436537648973" for ::1 at 2015-07-10 15:14:16 +0100
[2015-07-10T15:14:16] INFO  PID-6820 TID-70132022448600 ActionController::Base: Processing by StreamsController#multi as JSON
[2015-07-10T15:14:16] INFO  PID-6820 TID-70132022448600 ActionController::Base:   Parameters: {"_"=>"1436537648973"}
[2015-07-10T15:14:16] DEBUG PID-6820 TID-70132022448600 EvilQuery::MultiStream: [EVIL-QUERY] make_relation!
[2015-07-10T15:14:16] DEBUG PID-6820 TID-70132022448600 EvilQuery::MultiStream: [EVIL-QUERY] aspect_post_ids!
[2015-07-10T15:14:16] DEBUG PID-6820 TID-70132022448600 User: [EVIL-QUERY] user.construct_public_followings_sql
[2015-07-10T15:14:16] DEBUG PID-6820 TID-70132022448600 EvilQuery::MultiStream: [EVIL-QUERY] followed_tags_posts!
[2015-07-10T15:14:16] DEBUG PID-6820 TID-70132022448600 EvilQuery::MultiStream: [EVIL-QUERY] mentioned_posts
[2015-07-10T15:14:16] INFO  PID-6820 TID-70132022448600 ActionController::Base: Completed 200 OK in 224ms (Views: 45.9ms | ActiveRecord: 57.4ms)
[2015-07-10T15:14:19] DEBUG PID-6820 TID-70132001871940 Rails: 
[2015-07-10T15:14:19] DEBUG PID-6820 TID-70132001871940 Rails: 
[2015-07-10T15:14:19] INFO  PID-6820 TID-70132001871940 Rails: Started DELETE "/users/sign_out" for ::1 at 2015-07-10 15:14:19 +0100
[2015-07-10T15:14:19] INFO  PID-6820 TID-70132001871940 ActionController::Base: Processing by SessionsController#destroy as HTML
[2015-07-10T15:14:19] INFO  PID-6820 TID-70132001871940 ActionController::Base:   Parameters: {"authenticity_token"=>"vMYjMl+wTqtiYWBvGEWCPyb1PrVuDUGri5newnhmBQeBsBIbJzDVXlajdTt6L9DOM8voFJP46cRNcYJkAKoCow=="}
[2015-07-10T15:14:19] INFO  PID-6820 TID-70132001871940 ActionController::Base: Redirected to http://localhost:3000/users/sign_in
[2015-07-10T15:14:19] INFO  PID-6820 TID-70132001871940 ActionController::Base: Completed 302 Found in 45ms (ActiveRecord: 23.2ms)
[2015-07-10T15:14:19] DEBUG PID-6820 TID-70132001871940 Rails: 
[2015-07-10T15:14:19] DEBUG PID-6820 TID-70132001871940 Rails: 
[2015-07-10T15:14:19] INFO  PID-6820 TID-70132001871940 Rails: Started GET "/users/sign_in" for ::1 at 2015-07-10 15:14:19 +0100
[2015-07-10T15:14:20] INFO  PID-6820 TID-70132001871940 ActionController::Base: Processing by SessionsController#new as HTML
  Rendered sessions/new.html.haml within layouts/with_header_with_footer (10.3ms)
  Rendered shared/_links.haml (4.3ms)
  Rendered layouts/_footer.html.haml (8.4ms)
  Rendered layouts/_header.html.haml (3.8ms)
  Rendered layouts/_open_graph.haml (1.7ms)
  Rendered layouts/application.html.haml (151.4ms)
  Rendered layouts/with_header.html.haml (161.3ms)
[2015-07-10T15:14:20] INFO  PID-6820 TID-70132001871940 ActionController::Base: Completed 200 OK in 197ms (Views: 188.0ms | ActiveRecord: 0.0ms)
[2015-07-10T15:14:30] DEBUG PID-6820 TID-70132073528640 Rails: 
[2015-07-10T15:14:30] DEBUG PID-6820 TID-70132073528640 Rails: 
[2015-07-10T15:14:30] INFO  PID-6820 TID-70132073528640 Rails: Started GET "/administrator" for ::1 at 2015-07-10 15:14:30 +0100
[2015-07-10T15:14:30] INFO  PID-6820 TID-70132073528640 ActionController::Base: Processing by RailsAdmin::MainController#dashboard as HTML
  Rendered /Users/jorgem1r/.rbenv/versions/2.2.1/lib/ruby/gems/2.2.0/gems/rails_admin-0.6.7/app/views/rails_admin/main/dashboard.html.haml within layouts/rails_admin/application (186.2ms)
  Rendered /Users/jorgem1r/.rbenv/versions/2.2.1/lib/ruby/gems/2.2.0/gems/rails_admin-0.6.7/app/views/layouts/rails_admin/_secondary_navigation.html.haml (1.0ms)
  Rendered /Users/jorgem1r/.rbenv/versions/2.2.1/lib/ruby/gems/2.2.0/gems/rails_admin-0.6.7/app/views/layouts/rails_admin/_navigation.html.haml (6.4ms)
  Rendered /Users/jorgem1r/.rbenv/versions/2.2.1/lib/ruby/gems/2.2.0/gems/rails_admin-0.6.7/app/views/layouts/rails_admin/pjax.html.haml (1.7ms)
[2015-07-10T15:14:31] INFO  PID-6820 TID-70132073528640 ActionController::Base: Completed 200 OK in 398ms (Views: 296.5ms | ActiveRecord: 15.4ms)
[2015-07-10T15:15:41] DEBUG PID-6820 TID-70132002956800 Rails: 
[2015-07-10T15:15:41] DEBUG PID-6820 TID-70132002956800 Rails: 
[2015-07-10T15:15:41] INFO  PID-6820 TID-70132002956800 Rails: Started GET "/rails_admin/main" for ::1 at 2015-07-10 15:15:41 +0100
[2015-07-10T15:15:41] FATAL PID-6820 TID-70132002956800 Rails: 
ActionController::RoutingError (No route matches [GET] "/rails_admin/main"):
  lib/rack/chrome_frame.rb:39:in `call'


  Rendered /Users/jorgem1r/.rbenv/versions/2.2.1/lib/ruby/gems/2.2.0/gems/actionpack-4.2.2/lib/action_dispatch/middleware/templates/rescues/_trace.html.erb (1.5ms)
  Rendered /Users/jorgem1r/.rbenv/versions/2.2.1/lib/ruby/gems/2.2.0/gems/actionpack-4.2.2/lib/action_dispatch/middleware/templates/routes/_route.html.erb (8.5ms)
  Rendered /Users/jorgem1r/.rbenv/versions/2.2.1/lib/ruby/gems/2.2.0/gems/actionpack-4.2.2/lib/action_dispatch/middleware/templates/routes/_route.html.erb (0.8ms)
  Rendered /Users/jorgem1r/.rbenv/versions/2.2.1/lib/ruby/gems/2.2.0/gems/actionpack-4.2.2/lib/action_dispatch/middleware/templates/routes/_table.html.erb (5.8ms)
  Rendered /Users/jorgem1r/.rbenv/versions/2.2.1/lib/ruby/gems/2.2.0/gems/actionpack-4.2.2/lib/action_dispatch/middleware/templates/rescues/_request_and_response.html.erb (2.0ms)
  Rendered /Users/jorgem1r/.rbenv/versions/2.2.1/lib/ruby/gems/2.2.0/gems/actionpack-4.2.2/lib/action_dispatch/middleware/templates/rescues/routing_error.html.erb within rescues/layout (223.5ms)
[2015-07-10T15:15:56] DEBUG PID-6820 TID-70132002956800 Rails: 
[2015-07-10T15:15:56] DEBUG PID-6820 TID-70132002956800 Rails: 
[2015-07-10T15:15:56] INFO  PID-6820 TID-70132002956800 Rails: Started GET "/administrator/main" for ::1 at 2015-07-10 15:15:56 +0100
[2015-07-10T15:15:56] INFO  PID-6820 TID-70132002956800 ActionController::Base: Processing by RailsAdmin::MainController#index as HTML
[2015-07-10T15:15:56] INFO  PID-6820 TID-70132002956800 ActionController::Base:   Parameters: {"model_name"=>"main"}
  Rendered /Users/jorgem1r/.rbenv/versions/2.2.1/lib/ruby/gems/2.2.0/gems/rails_admin-0.6.7/app/views/rails_admin/main/dashboard.html.haml within layouts/rails_admin/application (189.5ms)
  Rendered /Users/jorgem1r/.rbenv/versions/2.2.1/lib/ruby/gems/2.2.0/gems/rails_admin-0.6.7/app/views/layouts/rails_admin/_secondary_navigation.html.haml (3.4ms)
  Rendered /Users/jorgem1r/.rbenv/versions/2.2.1/lib/ruby/gems/2.2.0/gems/rails_admin-0.6.7/app/views/layouts/rails_admin/_navigation.html.haml (65.0ms)
  Rendered /Users/jorgem1r/.rbenv/versions/2.2.1/lib/ruby/gems/2.2.0/gems/rails_admin-0.6.7/app/views/layouts/rails_admin/pjax.html.haml (5.2ms)
[2015-07-10T15:15:56] INFO  PID-6820 TID-70132002956800 ActionController::Base: Completed 404 Not Found in 631ms (Views: 511.9ms | ActiveRecord: 15.7ms)
[2015-07-10T15:16:25] DEBUG PID-6820 TID-70132044341820 Rails: 
[2015-07-10T15:16:25] DEBUG PID-6820 TID-70132044341820 Rails: 
[2015-07-10T15:16:25] INFO  PID-6820 TID-70132044341820 Rails: Started GET "/administrator/tag_following?_pjax=%5Bdata-pjax-container%5D" for ::1 at 2015-07-10 15:16:25 +0100
[2015-07-10T15:16:25] INFO  PID-6820 TID-70132044341820 ActionController::Base: Processing by RailsAdmin::MainController#index as HTML
[2015-07-10T15:16:25] INFO  PID-6820 TID-70132044341820 ActionController::Base:   Parameters: {"_pjax"=>"[data-pjax-container]", "model_name"=>"tag_following"}
[2015-07-10T15:16:25] INFO  PID-6820 TID-70132044341820 ActionController::Base: Completed 500 Internal Server Error in 72ms (ActiveRecord: 0.0ms)
[2015-07-10T15:16:25] FATAL PID-6820 TID-70132044341820 Rails: 
NoMethodError (undefined method `per' for #<TagFollowing::ActiveRecord_Relation:0x007f91c848c7c0>):
  lib/rack/chrome_frame.rb:39:in `call'


  Rendered /Users/jorgem1r/.rbenv/versions/2.2.1/lib/ruby/gems/2.2.0/gems/actionpack-4.2.2/lib/action_dispatch/middleware/templates/rescues/_source.erb (3.4ms)
  Rendered /Users/jorgem1r/.rbenv/versions/2.2.1/lib/ruby/gems/2.2.0/gems/actionpack-4.2.2/lib/action_dispatch/middleware/templates/rescues/_trace.text.erb (2.0ms)
  Rendered /Users/jorgem1r/.rbenv/versions/2.2.1/lib/ruby/gems/2.2.0/gems/actionpack-4.2.2/lib/action_dispatch/middleware/templates/rescues/_request_and_response.text.erb (0.8ms)
  Rendered /Users/jorgem1r/.rbenv/versions/2.2.1/lib/ruby/gems/2.2.0/gems/actionpack-4.2.2/lib/action_dispatch/middleware/templates/rescues/diagnostics.text.erb (127.4ms)
[2015-07-10T15:16:26] DEBUG PID-6820 TID-70132044341820 Rails: 
[2015-07-10T15:16:26] DEBUG PID-6820 TID-70132044341820 Rails: 
[2015-07-10T15:16:26] INFO  PID-6820 TID-70132044341820 Rails: Started GET "/administrator/tag_following" for ::1 at 2015-07-10 15:16:26 +0100
[2015-07-10T15:16:26] INFO  PID-6820 TID-70132044341820 ActionController::Base: Processing by RailsAdmin::MainController#index as HTML
[2015-07-10T15:16:26] INFO  PID-6820 TID-70132044341820 ActionController::Base:   Parameters: {"model_name"=>"tag_following"}
[2015-07-10T15:16:26] INFO  PID-6820 TID-70132044341820 ActionController::Base: Completed 500 Internal Server Error in 31ms (ActiveRecord: 0.0ms)
[2015-07-10T15:16:26] FATAL PID-6820 TID-70132044341820 Rails: 
NoMethodError (undefined method `per' for #<TagFollowing::ActiveRecord_Relation:0x007f91cbbe74e0>):
  lib/rack/chrome_frame.rb:39:in `call'


  Rendered /Users/jorgem1r/.rbenv/versions/2.2.1/lib/ruby/gems/2.2.0/gems/actionpack-4.2.2/lib/action_dispatch/middleware/templates/rescues/_source.erb (7.6ms)
  Rendered /Users/jorgem1r/.rbenv/versions/2.2.1/lib/ruby/gems/2.2.0/gems/actionpack-4.2.2/lib/action_dispatch/middleware/templates/rescues/_trace.html.erb (4.6ms)
  Rendered /Users/jorgem1r/.rbenv/versions/2.2.1/lib/ruby/gems/2.2.0/gems/actionpack-4.2.2/lib/action_dispatch/middleware/templates/rescues/_request_and_response.html.erb (1.6ms)
  Rendered /Users/jorgem1r/.rbenv/versions/2.2.1/lib/ruby/gems/2.2.0/gems/actionpack-4.2.2/lib/action_dispatch/middleware/templates/rescues/diagnostics.html.erb within rescues/layout (112.1ms)
[2015-07-13T13:10:25] DEBUG PID-62745 TID-70280806147400 Rails: 
[2015-07-13T13:10:25] DEBUG PID-62745 TID-70280806147400 Rails: 
[2015-07-13T13:10:25] INFO  PID-62745 TID-70280806147400 Rails: Started GET "/" for ::1 at 2015-07-13 13:10:25 +0100
[2015-07-13T13:10:26] INFO  PID-62745 TID-70280806147400 ActionController::Base: Processing by HomeController#show as HTML
  Rendered home/default.haml within layouts/application (70.3ms)
  Rendered layouts/_open_graph.haml (5.4ms)
[2015-07-13T13:10:27] INFO  PID-62745 TID-70280806147400 ActionController::Base: Completed 200 OK in 1658ms (Views: 1636.2ms | ActiveRecord: 0.0ms)
[2015-07-13T13:18:44] DEBUG PID-62812 TID-70271845202440 Rails: 
[2015-07-13T13:18:44] DEBUG PID-62812 TID-70271845202440 Rails: 
[2015-07-13T13:18:44] INFO  PID-62812 TID-70271845202440 Rails: Started GET "/" for ::1 at 2015-07-13 13:18:44 +0100
[2015-07-13T13:18:44] INFO  PID-62812 TID-70271845202440 ActionController::Base: Processing by HomeController#show as HTML
  Rendered home/default.haml within layouts/application (64.0ms)
  Rendered layouts/_open_graph.haml (4.7ms)
[2015-07-13T13:18:46] INFO  PID-62812 TID-70271845202440 ActionController::Base: Completed 200 OK in 1671ms (Views: 1650.4ms | ActiveRecord: 0.0ms)
[2015-07-13T13:18:58] DEBUG PID-62812 TID-70271845202440 Rails: 
[2015-07-13T13:18:58] DEBUG PID-62812 TID-70271845202440 Rails: 
[2015-07-13T13:18:58] INFO  PID-62812 TID-70271845202440 Rails: Started GET "/users/sign_up" for ::1 at 2015-07-13 13:18:58 +0100
[2015-07-13T13:18:58] INFO  PID-62812 TID-70271845202440 ActionController::Base: Processing by RegistrationsController#new as HTML
  Rendered simple_captcha/_simple_captcha.haml (1.0ms)
  Rendered registrations/_form.haml (119.8ms)
  Rendered registrations/new.haml within layouts/with_header (124.5ms)
  Rendered layouts/_header.html.haml (6.7ms)
  Rendered layouts/_open_graph.haml (1.8ms)
  Rendered layouts/application.html.haml (155.1ms)
[2015-07-13T13:18:59] INFO  PID-62812 TID-70271845202440 ActionController::Base: Completed 200 OK in 362ms (Views: 233.6ms | ActiveRecord: 92.1ms)
[2015-07-13T13:19:06] DEBUG PID-62812 TID-70271845198740 Rails: 
[2015-07-13T13:19:06] DEBUG PID-62812 TID-70271845198740 Rails: 
[2015-07-13T13:19:06] INFO  PID-62812 TID-70271845198740 Rails: Started GET "/simple_captcha?code=cb42558c317c606015be78fb8e403ca956d35686&time=1436789939" for ::1 at 2015-07-13 13:19:06 +0100
[2015-07-13T13:44:49] DEBUG PID-62812 TID-70271867259940 Rails: 
[2015-07-13T13:44:50] DEBUG PID-62812 TID-70271867259940 Rails: 
[2015-07-13T13:44:50] INFO  PID-62812 TID-70271867259940 Rails: Started GET "/" for ::1 at 2015-07-13 13:44:50 +0100
[2015-07-13T13:44:50] INFO  PID-62812 TID-70271867259940 ActionController::Base: Processing by HomeController#show as HTML
  Rendered home/default.haml within layouts/application (77.1ms)
  Rendered layouts/_open_graph.haml (6.4ms)
[2015-07-13T13:44:50] INFO  PID-62812 TID-70271867259940 ActionController::Base: Completed 200 OK in 418ms (Views: 398.0ms | ActiveRecord: 0.0ms)
[2015-07-13T13:45:04] DEBUG PID-62812 TID-70271867259940 Rails: 
[2015-07-13T13:45:04] DEBUG PID-62812 TID-70271867259940 Rails: 
[2015-07-13T13:45:04] INFO  PID-62812 TID-70271867259940 Rails: Started GET "/users/sign_up?type=business" for ::1 at 2015-07-13 13:45:04 +0100
[2015-07-13T13:45:04] INFO  PID-62812 TID-70271867259940 ActionController::Base: Processing by RegistrationsController#new as HTML
[2015-07-13T13:45:04] INFO  PID-62812 TID-70271867259940 ActionController::Base:   Parameters: {"type"=>"business"}
  Rendered simple_captcha/_simple_captcha.haml (1.1ms)
  Rendered registrations/_form.haml (50.9ms)
  Rendered registrations/new.haml within layouts/with_header (53.1ms)
  Rendered layouts/_header.html.haml (2.6ms)
  Rendered layouts/_open_graph.haml (8.5ms)
  Rendered layouts/application.html.haml (170.3ms)
[2015-07-13T13:45:04] INFO  PID-62812 TID-70271867259940 ActionController::Base: Completed 200 OK in 243ms (Views: 216.2ms | ActiveRecord: 22.6ms)
[2015-07-13T13:45:11] DEBUG PID-62812 TID-70271867257260 Rails: 
[2015-07-13T13:45:11] DEBUG PID-62812 TID-70271867257260 Rails: 
[2015-07-13T13:45:11] INFO  PID-62812 TID-70271867257260 Rails: Started GET "/simple_captcha?code=ec62086c8a956cf85f44101c49c8e2d345625fb5&time=1436791504" for ::1 at 2015-07-13 13:45:11 +0100
[2015-07-14T13:02:45] DEBUG PID-64858 TID-70121665610360 Rails: 
